Base path: C:/Program Files (x86)/Unity/Editor/Data
Pipe name: \\.\pipe\UnityShaderCompiler-1-3116
Cmd: getPlatforms
Cmd: preprocess
  insize=467 outsize=464 ok=1
Cmd: preprocess
  insize=478 outsize=475 ok=1
Cmd: preprocess
  insize=477 outsize=474 ok=1
Cmd: preprocess
  insize=466 outsize=463 ok=1
Cmd: preprocess
  insize=416 outsize=413 ok=1
Cmd: preprocess
  insize=492 outsize=489 ok=1
Cmd: preprocess
  insize=410 outsize=407 ok=1
Cmd: preprocess
  insize=463 outsize=460 ok=1
Cmd: preprocess
  insize=497 outsize=494 ok=1
Cmd: preprocess
  insize=508 outsize=505 ok=1
Cmd: preprocess
  insize=485 outsize=482 ok=1
Cmd: preprocess
  insize=487 outsize=484 ok=1
Cmd: preprocess
  insize=485 outsize=482 ok=1
Cmd: preprocess
  insize=422 outsize=419 ok=1
Cmd: preprocess
  insize=1321 outsize=558 ok=1
Cmd: compileSnippet
  api=4 type=0 insize=1065 outsize=1250 kw=DUMMY ok=1
Cmd: compileSnippet
  api=4 type=1 insize=1065 outsize=852 kw=DUMMY ok=1
Cmd: preprocess
  insize=1321 outsize=558 ok=1
Cmd: preprocess
  insize=1322 outsize=559 ok=1
Cmd: preprocess
  insize=1319 outsize=556 ok=1
Cmd: compileSnippet
  api=0 type=0 insize=1065 outsize=386 kw=DUMMY ok=1
Cmd: compileSnippet
  api=1 type=0 insize=1065 outsize=450 kw=PIXELSNAP_ON ok=1
Cmd: compileSnippet
  api=4 type=0 insize=1065 outsize=1680 kw=PIXELSNAP_ON ok=1
Cmd: compileSnippet
  api=8 type=0 insize=1065 outsize=2608 kw=PIXELSNAP_ON ok=1
Cmd: compileSnippet
  api=0 type=1 insize=1065 outsize=189 kw=DUMMY ok=1
Cmd: compileSnippet
  api=1 type=1 insize=1065 outsize=121 kw=PIXELSNAP_ON ok=1
Cmd: compileSnippet
  api=8 type=1 insize=1065 outsize=1178 kw=PIXELSNAP_ON ok=1
Cmd: preprocess
  insize=482 outsize=479 ok=1
Cmd: preprocess
  insize=460 outsize=457 ok=1
Cmd: preprocess
  insize=461 outsize=458 ok=1
Cmd: preprocess
  insize=463 outsize=460 ok=1
Cmd: preprocess
  insize=504 outsize=501 ok=1
Cmd: preprocess
  insize=508 outsize=505 ok=1
Cmd: preprocess
  insize=508 outsize=505 ok=1
Cmd: preprocess
  insize=507 outsize=504 ok=1
Cmd: preprocess
  insize=510 outsize=507 ok=1
Cmd: preprocess
  insize=957 outsize=382 ok=1
Cmd: compileSnippet
  api=4 type=0 insize=874 outsize=1071 kw= ok=1
Cmd: compileSnippet
  api=4 type=1 insize=874 outsize=843 kw= ok=1
Cmd: preprocess
  insize=1002 outsize=427 ok=1
Cmd: compileSnippet
  api=4 type=0 insize=874 outsize=1071 kw= ok=1
Cmd: compileSnippet
  api=4 type=1 insize=874 outsize=843 kw= ok=1
Cmd: preprocess
  insize=1054 outsize=427 ok=1
Cmd: compileSnippet
  api=4 type=0 insize=926 outsize=1185 kw= ok=1
Cmd: compileSnippet
  api=4 type=1 insize=926 outsize=900 kw= ok=1
Cmd: preprocess
  insize=1077 outsize=427 ok=1
Cmd: compileSnippet
  api=4 type=0 insize=949 outsize=1274 kw= ok=1
Cmd: compileSnippet
  api=4 type=1 insize=949 outsize=900 kw= ok=1
Cmd: preprocess
  insize=1397 outsize=427 ok=1
Cmd: compileSnippet
  api=4 type=0 insize=1269 outsize=973 kw= ok=1
Cmd: compileSnippet
  api=4 type=1 insize=1269 outsize=429 kw= ok=1
Cmd: preprocess
  insize=1393 outsize=427 ok=1
Cmd: compileSnippet
  api=4 type=0 insize=1265 outsize=973 kw= ok=1
Cmd: compileSnippet
  api=4 type=1 insize=1265 outsize=429 kw= ok=1
Cmd: preprocess
  insize=1417 outsize=426 ok=1
Cmd: compileSnippet
  api=4 type=0 insize=1289 outsize=1038 kw= ok=1
Cmd: compileSnippet
  api=4 type=1 insize=1289 outsize=429 kw= ok=1
Cmd: preprocess
  insize=1079 outsize=427 ok=1
Cmd: compileSnippet
  api=4 type=0 insize=951 outsize=1274 kw= ok=1
Cmd: compileSnippet
  api=4 type=1 insize=951 outsize=900 kw= ok=1
Cmd: preprocess
  insize=1089 outsize=427 ok=1
Cmd: compileSnippet
  api=4 type=0 insize=961 outsize=1274 kw= ok=1
Cmd: compileSnippet
  api=4 type=1 insize=961 outsize=998 kw= ok=1
Cmd: preprocess
  insize=1088 outsize=426 ok=1
Cmd: preprocess
  error: 2 plat 12 at (34): Syntax error
  insize=736 outsize=520 ok=0
Cmd: preprocess
  insize=701 outsize=1433 ok=1
Cmd: compileSnippet
  api=4 type=0 insize=4404 outsize=2607 kw=DIRECTIONAL SHADOWS_OFF LIGHTMAP_OFF DIRLIGHTMAP_OFF ok=1
Cmd: compileSnippet
  api=4 type=1 insize=4404 outsize=1485 kw=DIRECTIONAL SHADOWS_OFF LIGHTMAP_OFF DIRLIGHTMAP_OFF ok=1
Cmd: compileSnippet
  api=4 type=0 insize=2367 outsize=2875 kw=POINT ok=1
Cmd: compileSnippet
  api=4 type=1 insize=2367 outsize=1786 kw=POINT ok=1
Cmd: compileSnippet
  api=4 type=0 insize=2026 outsize=1697 kw= ok=1
Cmd: compileSnippet
  api=4 type=1 insize=2026 outsize=1063 kw= ok=1
Cmd: compileSnippet
  api=4 type=0 insize=4104 outsize=2883 kw=LIGHTMAP_OFF DIRLIGHTMAP_OFF HDR_LIGHT_PREPASS_OFF ok=1
Cmd: compileSnippet
  api=4 type=1 insize=4104 outsize=1428 kw=LIGHTMAP_OFF DIRLIGHTMAP_OFF HDR_LIGHT_PREPASS_OFF ok=1
Cmd: preprocess
  insize=714 outsize=1446 ok=1
Cmd: preprocess
  insize=699 outsize=1431 ok=1
Cmd: compileSnippet
  api=4 type=0 insize=4404 outsize=2607 kw=DIRECTIONAL SHADOWS_OFF LIGHTMAP_OFF DIRLIGHTMAP_OFF ok=1
Cmd: compileSnippet
  api=4 type=1 insize=4404 outsize=1485 kw=DIRECTIONAL SHADOWS_OFF LIGHTMAP_OFF DIRLIGHTMAP_OFF ok=1
Cmd: compileSnippet
  api=4 type=0 insize=2367 outsize=2875 kw=POINT ok=1
Cmd: compileSnippet
  api=4 type=1 insize=2367 outsize=1786 kw=POINT ok=1
Cmd: compileSnippet
  api=4 type=0 insize=2026 outsize=1697 kw= ok=1
Cmd: compileSnippet
  api=4 type=1 insize=2026 outsize=1063 kw= ok=1
Cmd: compileSnippet
  api=4 type=0 insize=4104 outsize=2883 kw=LIGHTMAP_OFF DIRLIGHTMAP_OFF HDR_LIGHT_PREPASS_OFF ok=1
Cmd: compileSnippet
  api=4 type=1 insize=4104 outsize=1428 kw=LIGHTMAP_OFF DIRLIGHTMAP_OFF HDR_LIGHT_PREPASS_OFF ok=1
Cmd: compileSnippet
  api=4 type=0 insize=2367 outsize=1851 kw=DIRECTIONAL ok=1
Cmd: compileSnippet
  api=4 type=1 insize=2367 outsize=1372 kw=DIRECTIONAL ok=1
Cmd: preprocess
  insize=735 outsize=1430 ok=1
Cmd: compileSnippet
  api=4 type=0 insize=4538 outsize=2753 kw=DIRECTIONAL SHADOWS_OFF LIGHTMAP_OFF DIRLIGHTMAP_OFF ok=1
Cmd: compileSnippet
  api=4 type=1 insize=4538 outsize=1623 kw=DIRECTIONAL SHADOWS_OFF LIGHTMAP_OFF DIRLIGHTMAP_OFF ok=1
Cmd: compileSnippet
  api=4 type=0 insize=2476 outsize=3021 kw=POINT ok=1
Cmd: compileSnippet
  api=4 type=1 insize=2476 outsize=1924 kw=POINT ok=1
Cmd: compileSnippet
  api=4 type=0 insize=2135 outsize=1843 kw= ok=1
Cmd: compileSnippet
  api=4 type=1 insize=2135 outsize=1201 kw= ok=1
Cmd: compileSnippet
  api=4 type=0 insize=4213 outsize=3029 kw=LIGHTMAP_OFF DIRLIGHTMAP_OFF HDR_LIGHT_PREPASS_OFF ok=1
Cmd: compileSnippet
  api=4 type=1 insize=4213 outsize=1567 kw=LIGHTMAP_OFF DIRLIGHTMAP_OFF HDR_LIGHT_PREPASS_OFF ok=1
Cmd: compileSnippet
  api=4 type=0 insize=2476 outsize=1997 kw=DIRECTIONAL ok=1
Cmd: compileSnippet
  api=4 type=1 insize=2476 outsize=1510 kw=DIRECTIONAL ok=1
Cmd: preprocess
  insize=737 outsize=1432 ok=1
Cmd: preprocess
  insize=708 outsize=1404 ok=1
Cmd: compileSnippet
  api=4 type=0 insize=4538 outsize=2753 kw=DIRECTIONAL SHADOWS_OFF LIGHTMAP_OFF DIRLIGHTMAP_OFF ok=1
Cmd: compileSnippet
  api=4 type=1 insize=4538 outsize=1623 kw=DIRECTIONAL SHADOWS_OFF LIGHTMAP_OFF DIRLIGHTMAP_OFF ok=1
Cmd: compileSnippet
  api=4 type=0 insize=2476 outsize=3021 kw=POINT ok=1
Cmd: compileSnippet
  api=4 type=1 insize=2476 outsize=1924 kw=POINT ok=1
Cmd: compileSnippet
  api=4 type=0 insize=2135 outsize=1843 kw= ok=1
Cmd: compileSnippet
  api=4 type=1 insize=2135 outsize=1201 kw= ok=1
Cmd: compileSnippet
  api=4 type=0 insize=4213 outsize=3029 kw=LIGHTMAP_OFF DIRLIGHTMAP_OFF HDR_LIGHT_PREPASS_OFF ok=1
Cmd: compileSnippet
  api=4 type=1 insize=4213 outsize=1567 kw=LIGHTMAP_OFF DIRLIGHTMAP_OFF HDR_LIGHT_PREPASS_OFF ok=1
Cmd: preprocess
  error: 2 plat 12 at (20): Surface lighting model 'Phong' not found. Available models: BlinnPhong, Lambert
  insize=706 outsize=513 ok=0
Cmd: preprocess
  insize=708 outsize=1404 ok=1
Cmd: compileSnippet
  api=4 type=0 insize=2476 outsize=1997 kw=DIRECTIONAL ok=1
Cmd: compileSnippet
  api=4 type=1 insize=2476 outsize=1510 kw=DIRECTIONAL ok=1
Cmd: preprocess
  insize=718 outsize=1414 ok=1
Cmd: preprocess
  insize=718 outsize=1414 ok=1
Cmd: preprocess
  insize=433 outsize=1179 ok=1
Cmd: preprocess
  error: 2 plat 1 at (31): undefined variable "_Color"
  insize=598 outsize=91371 ok=0
Cmd: preprocess
  insize=730 outsize=1418 ok=1
Cmd: compileSnippet
  api=4 type=0 insize=4546 outsize=2753 kw=DIRECTIONAL SHADOWS_OFF LIGHTMAP_OFF DIRLIGHTMAP_OFF ok=1
Cmd: compileSnippet
  api=4 type=1 insize=4546 outsize=1623 kw=DIRECTIONAL SHADOWS_OFF LIGHTMAP_OFF DIRLIGHTMAP_OFF ok=1
Cmd: compileSnippet
  api=4 type=0 insize=2484 outsize=3021 kw=POINT ok=1
Cmd: compileSnippet
  api=4 type=1 insize=2484 outsize=1924 kw=POINT ok=1
Cmd: compileSnippet
  api=4 type=0 insize=2143 outsize=1843 kw= ok=1
Cmd: compileSnippet
  api=4 type=1 insize=2143 outsize=1201 kw= ok=1
Cmd: compileSnippet
  api=4 type=0 insize=4221 outsize=3029 kw=LIGHTMAP_OFF DIRLIGHTMAP_OFF HDR_LIGHT_PREPASS_OFF ok=1
Cmd: compileSnippet
  api=4 type=1 insize=4221 outsize=1567 kw=LIGHTMAP_OFF DIRLIGHTMAP_OFF HDR_LIGHT_PREPASS_OFF ok=1
Cmd: compileSnippet
  api=4 type=0 insize=2484 outsize=1997 kw=DIRECTIONAL ok=1
Cmd: compileSnippet
  api=4 type=1 insize=2484 outsize=1510 kw=DIRECTIONAL ok=1
Cmd: preprocess
  insize=602 outsize=1275 ok=1
Cmd: compileSnippet
  api=4 type=0 insize=4451 outsize=2753 kw=DIRECTIONAL SHADOWS_OFF LIGHTMAP_OFF DIRLIGHTMAP_OFF ok=1
Cmd: compileSnippet
  api=4 type=1 insize=4451 outsize=1445 kw=DIRECTIONAL SHADOWS_OFF LIGHTMAP_OFF DIRLIGHTMAP_OFF ok=1
Cmd: compileSnippet
  api=4 type=0 insize=2402 outsize=3021 kw=POINT ok=1
Cmd: compileSnippet
  api=4 type=1 insize=2402 outsize=1745 kw=POINT ok=1
Cmd: compileSnippet
  api=4 type=0 insize=1857 outsize=1477 kw= ok=1
Cmd: compileSnippet
  api=4 type=1 insize=1857 outsize=632 kw= ok=1
Cmd: compileSnippet
  api=4 type=0 insize=4143 outsize=3029 kw=LIGHTMAP_OFF DIRLIGHTMAP_OFF HDR_LIGHT_PREPASS_OFF ok=1
Cmd: compileSnippet
  api=4 type=1 insize=4143 outsize=1388 kw=LIGHTMAP_OFF DIRLIGHTMAP_OFF HDR_LIGHT_PREPASS_OFF ok=1
Cmd: preprocess
  insize=718 outsize=1414 ok=1
Cmd: preprocess
  insize=590 outsize=1272 ok=1
Cmd: compileSnippet
  api=4 type=0 insize=4443 outsize=2753 kw=DIRECTIONAL SHADOWS_OFF LIGHTMAP_OFF DIRLIGHTMAP_OFF ok=1
Cmd: compileSnippet
  api=4 type=1 insize=4443 outsize=1445 kw=DIRECTIONAL SHADOWS_OFF LIGHTMAP_OFF DIRLIGHTMAP_OFF ok=1
Cmd: compileSnippet
  api=4 type=0 insize=2394 outsize=3021 kw=POINT ok=1
Cmd: compileSnippet
  api=4 type=1 insize=2394 outsize=1745 kw=POINT ok=1
Cmd: compileSnippet
  api=4 type=0 insize=1849 outsize=1477 kw= ok=1
Cmd: compileSnippet
  api=4 type=1 insize=1849 outsize=632 kw= ok=1
Cmd: compileSnippet
  api=4 type=0 insize=4135 outsize=3029 kw=LIGHTMAP_OFF DIRLIGHTMAP_OFF HDR_LIGHT_PREPASS_OFF ok=1
Cmd: compileSnippet
  api=4 type=1 insize=4135 outsize=1388 kw=LIGHTMAP_OFF DIRLIGHTMAP_OFF HDR_LIGHT_PREPASS_OFF ok=1
Cmd: preprocess
  insize=718 outsize=1414 ok=1
Cmd: preprocess
  insize=723 outsize=1419 ok=1
Cmd: compileSnippet
  api=4 type=0 insize=2394 outsize=1997 kw=DIRECTIONAL ok=1
Cmd: compileSnippet
  api=4 type=1 insize=2394 outsize=1331 kw=DIRECTIONAL ok=1
Cmd: preprocess
  insize=595 outsize=1277 ok=1
Cmd: preprocess
  insize=438 outsize=1184 ok=1
Cmd: preprocess
  insize=596 outsize=1278 ok=1
Cmd: compileSnippet
  api=4 type=0 insize=4443 outsize=2753 kw=DIRECTIONAL SHADOWS_OFF LIGHTMAP_OFF DIRLIGHTMAP_OFF ok=1
Cmd: compileSnippet
  api=4 type=1 insize=4443 outsize=1445 kw=DIRECTIONAL SHADOWS_OFF LIGHTMAP_OFF DIRLIGHTMAP_OFF ok=1
Cmd: compileSnippet
  api=4 type=0 insize=2394 outsize=3021 kw=POINT ok=1
Cmd: compileSnippet
  api=4 type=1 insize=2394 outsize=1745 kw=POINT ok=1
Cmd: compileSnippet
  api=4 type=0 insize=1849 outsize=1477 kw= ok=1
Cmd: compileSnippet
  api=4 type=1 insize=1849 outsize=632 kw= ok=1
Cmd: compileSnippet
  api=4 type=0 insize=4135 outsize=3029 kw=LIGHTMAP_OFF DIRLIGHTMAP_OFF HDR_LIGHT_PREPASS_OFF ok=1
Cmd: compileSnippet
  api=4 type=1 insize=4135 outsize=1388 kw=LIGHTMAP_OFF DIRLIGHTMAP_OFF HDR_LIGHT_PREPASS_OFF ok=1
Cmd: preprocess
  insize=595 outsize=1277 ok=1
Cmd: compileSnippet
  api=4 type=0 insize=2394 outsize=1997 kw=DIRECTIONAL ok=1
Cmd: compileSnippet
  api=4 type=1 insize=2394 outsize=1331 kw=DIRECTIONAL ok=1
Cmd: preprocess
  insize=701 outsize=1329 ok=1
Cmd: compileSnippet
  api=4 type=0 insize=4496 outsize=2753 kw=DIRECTIONAL SHADOWS_OFF LIGHTMAP_OFF DIRLIGHTMAP_OFF ok=1
Cmd: compileSnippet
  api=4 type=1 insize=4496 outsize=1632 kw=DIRECTIONAL SHADOWS_OFF LIGHTMAP_OFF DIRLIGHTMAP_OFF ok=1
Cmd: compileSnippet
  api=4 type=0 insize=2447 outsize=3021 kw=POINT ok=1
Cmd: compileSnippet
  api=4 type=1 insize=2447 outsize=1932 kw=POINT ok=1
Cmd: compileSnippet
  api=4 type=0 insize=1902 outsize=1477 kw= ok=1
Cmd: compileSnippet
  api=4 type=1 insize=1902 outsize=632 kw= ok=1
Cmd: compileSnippet
  api=4 type=0 insize=4188 outsize=3029 kw=LIGHTMAP_OFF DIRLIGHTMAP_OFF HDR_LIGHT_PREPASS_OFF ok=1
Cmd: compileSnippet
  api=4 type=1 insize=4188 outsize=1575 kw=LIGHTMAP_OFF DIRLIGHTMAP_OFF HDR_LIGHT_PREPASS_OFF ok=1
Cmd: preprocess
  insize=705 outsize=1333 ok=1
Cmd: compileSnippet
  api=4 type=0 insize=2447 outsize=1997 kw=DIRECTIONAL ok=1
Cmd: compileSnippet
  api=4 type=1 insize=2447 outsize=1518 kw=DIRECTIONAL ok=1
Cmd: preprocess
  insize=440 outsize=1186 ok=1
Cmd: preprocess
  insize=735 outsize=1431 ok=1
Cmd: compileSnippet
  api=4 type=0 insize=4538 outsize=2753 kw=DIRECTIONAL SHADOWS_OFF LIGHTMAP_OFF DIRLIGHTMAP_OFF ok=1
Cmd: compileSnippet
  api=4 type=1 insize=4538 outsize=1623 kw=DIRECTIONAL SHADOWS_OFF LIGHTMAP_OFF DIRLIGHTMAP_OFF ok=1
Cmd: compileSnippet
  api=4 type=0 insize=2476 outsize=3021 kw=POINT ok=1
Cmd: compileSnippet
  api=4 type=1 insize=2476 outsize=1924 kw=POINT ok=1
Cmd: compileSnippet
  api=4 type=0 insize=2135 outsize=1843 kw= ok=1
Cmd: compileSnippet
  api=4 type=1 insize=2135 outsize=1201 kw= ok=1
Cmd: compileSnippet
  api=4 type=0 insize=4213 outsize=3029 kw=LIGHTMAP_OFF DIRLIGHTMAP_OFF HDR_LIGHT_PREPASS_OFF ok=1
Cmd: compileSnippet
  api=4 type=1 insize=4213 outsize=1567 kw=LIGHTMAP_OFF DIRLIGHTMAP_OFF HDR_LIGHT_PREPASS_OFF ok=1
Cmd: preprocess
  insize=739 outsize=1435 ok=1
Cmd: compileSnippet
  api=4 type=0 insize=2476 outsize=1997 kw=DIRECTIONAL ok=1
Cmd: compileSnippet
  api=4 type=1 insize=2476 outsize=1510 kw=DIRECTIONAL ok=1
Cmd: preprocess
  insize=725 outsize=1334 ok=1
Cmd: compileSnippet
  api=4 type=0 insize=4620 outsize=2842 kw=DIRECTIONAL SHADOWS_OFF LIGHTMAP_OFF DIRLIGHTMAP_OFF ok=1
Cmd: compileSnippet
  api=4 type=1 insize=4620 outsize=1632 kw=DIRECTIONAL SHADOWS_OFF LIGHTMAP_OFF DIRLIGHTMAP_OFF ok=1
Cmd: compileSnippet
  api=4 type=0 insize=2571 outsize=3110 kw=POINT ok=1
Cmd: compileSnippet
  api=4 type=1 insize=2571 outsize=1932 kw=POINT ok=1
Cmd: compileSnippet
  api=4 type=0 insize=1922 outsize=1477 kw= ok=1
Cmd: compileSnippet
  api=4 type=1 insize=1922 outsize=632 kw= ok=1
Cmd: compileSnippet
  api=4 type=0 insize=4312 outsize=3118 kw=LIGHTMAP_OFF DIRLIGHTMAP_OFF HDR_LIGHT_PREPASS_OFF ok=1
Cmd: compileSnippet
  api=4 type=1 insize=4312 outsize=1575 kw=LIGHTMAP_OFF DIRLIGHTMAP_OFF HDR_LIGHT_PREPASS_OFF ok=1
Cmd: compileSnippet
  api=4 type=0 insize=2571 outsize=2087 kw=DIRECTIONAL ok=1
Cmd: compileSnippet
  api=4 type=1 insize=2571 outsize=1518 kw=DIRECTIONAL ok=1
Cmd: preprocess
  insize=731 outsize=1334 ok=1
Cmd: compileSnippet
  api=4 type=0 insize=4626 outsize=2842 kw=DIRECTIONAL SHADOWS_OFF LIGHTMAP_OFF DIRLIGHTMAP_OFF ok=1
Cmd: compileSnippet
  api=4 type=1 insize=4626 outsize=1713 kw=DIRECTIONAL SHADOWS_OFF LIGHTMAP_OFF DIRLIGHTMAP_OFF ok=1
Cmd: compileSnippet
  api=4 type=0 insize=2577 outsize=3110 kw=POINT ok=1
Cmd: compileSnippet
  api=4 type=1 insize=2577 outsize=2013 kw=POINT ok=1
Cmd: compileSnippet
  api=4 type=0 insize=1928 outsize=1477 kw= ok=1
Cmd: compileSnippet
  api=4 type=1 insize=1928 outsize=632 kw= ok=1
Cmd: compileSnippet
  api=4 type=0 insize=4318 outsize=3118 kw=LIGHTMAP_OFF DIRLIGHTMAP_OFF HDR_LIGHT_PREPASS_OFF ok=1
Cmd: compileSnippet
  api=4 type=1 insize=4318 outsize=1656 kw=LIGHTMAP_OFF DIRLIGHTMAP_OFF HDR_LIGHT_PREPASS_OFF ok=1
Cmd: compileSnippet
  api=4 type=0 insize=2577 outsize=2087 kw=DIRECTIONAL ok=1
Cmd: compileSnippet
  api=4 type=1 insize=2577 outsize=1599 kw=DIRECTIONAL ok=1
Cmd: preprocess
  insize=730 outsize=1333 ok=1
Cmd: compileSnippet
  api=4 type=0 insize=4625 outsize=2842 kw=DIRECTIONAL SHADOWS_OFF LIGHTMAP_OFF DIRLIGHTMAP_OFF ok=1
Cmd: compileSnippet
  api=4 type=1 insize=4625 outsize=1688 kw=DIRECTIONAL SHADOWS_OFF LIGHTMAP_OFF DIRLIGHTMAP_OFF ok=1
Cmd: compileSnippet
  api=4 type=0 insize=2576 outsize=3110 kw=POINT ok=1
Cmd: compileSnippet
  api=4 type=1 insize=2576 outsize=1989 kw=POINT ok=1
Cmd: compileSnippet
  api=4 type=0 insize=1927 outsize=1477 kw= ok=1
Cmd: compileSnippet
  api=4 type=1 insize=1927 outsize=632 kw= ok=1
Cmd: compileSnippet
  api=4 type=0 insize=4317 outsize=3118 kw=LIGHTMAP_OFF DIRLIGHTMAP_OFF HDR_LIGHT_PREPASS_OFF ok=1
Cmd: compileSnippet
  api=4 type=1 insize=4317 outsize=1632 kw=LIGHTMAP_OFF DIRLIGHTMAP_OFF HDR_LIGHT_PREPASS_OFF ok=1
Cmd: compileSnippet
  api=4 type=0 insize=2576 outsize=2087 kw=DIRECTIONAL ok=1
Cmd: compileSnippet
  api=4 type=1 insize=2576 outsize=1575 kw=DIRECTIONAL ok=1
Cmd: preprocess
  insize=734 outsize=1333 ok=1
Cmd: compileSnippet
  api=4 type=0 insize=4629 outsize=2842 kw=DIRECTIONAL SHADOWS_OFF LIGHTMAP_OFF DIRLIGHTMAP_OFF ok=1
Cmd: compileSnippet
  api=4 type=1 insize=4629 outsize=1713 kw=DIRECTIONAL SHADOWS_OFF LIGHTMAP_OFF DIRLIGHTMAP_OFF ok=1
Cmd: compileSnippet
  api=4 type=0 insize=2580 outsize=3110 kw=POINT ok=1
Cmd: compileSnippet
  api=4 type=1 insize=2580 outsize=2013 kw=POINT ok=1
Cmd: compileSnippet
  api=4 type=0 insize=1931 outsize=1477 kw= ok=1
Cmd: compileSnippet
  api=4 type=1 insize=1931 outsize=632 kw= ok=1
Cmd: compileSnippet
  api=4 type=0 insize=4321 outsize=3118 kw=LIGHTMAP_OFF DIRLIGHTMAP_OFF HDR_LIGHT_PREPASS_OFF ok=1
Cmd: compileSnippet
  api=4 type=1 insize=4321 outsize=1656 kw=LIGHTMAP_OFF DIRLIGHTMAP_OFF HDR_LIGHT_PREPASS_OFF ok=1
Cmd: compileSnippet
  api=4 type=0 insize=2580 outsize=2087 kw=DIRECTIONAL ok=1
Cmd: compileSnippet
  api=4 type=1 insize=2580 outsize=1599 kw=DIRECTIONAL ok=1
Cmd: preprocess
  insize=734 outsize=1334 ok=1
Cmd: compileSnippet
  api=4 type=0 insize=4629 outsize=2842 kw=DIRECTIONAL SHADOWS_OFF LIGHTMAP_OFF DIRLIGHTMAP_OFF ok=1
Cmd: compileSnippet
  api=4 type=1 insize=4629 outsize=1688 kw=DIRECTIONAL SHADOWS_OFF LIGHTMAP_OFF DIRLIGHTMAP_OFF ok=1
Cmd: compileSnippet
  api=4 type=0 insize=2580 outsize=3110 kw=POINT ok=1
Cmd: compileSnippet
  api=4 type=1 insize=2580 outsize=1989 kw=POINT ok=1
Cmd: compileSnippet
  api=4 type=0 insize=1931 outsize=1477 kw= ok=1
Cmd: compileSnippet
  api=4 type=1 insize=1931 outsize=632 kw= ok=1
Cmd: compileSnippet
  api=4 type=0 insize=4321 outsize=3118 kw=LIGHTMAP_OFF DIRLIGHTMAP_OFF HDR_LIGHT_PREPASS_OFF ok=1
Cmd: compileSnippet
  api=4 type=1 insize=4321 outsize=1632 kw=LIGHTMAP_OFF DIRLIGHTMAP_OFF HDR_LIGHT_PREPASS_OFF ok=1
Cmd: compileSnippet
  api=4 type=0 insize=2580 outsize=2087 kw=DIRECTIONAL ok=1
Cmd: compileSnippet
  api=4 type=1 insize=2580 outsize=1575 kw=DIRECTIONAL ok=1
Cmd: preprocess
  insize=734 outsize=1332 ok=1
Cmd: compileSnippet
  api=4 type=0 insize=4629 outsize=2842 kw=DIRECTIONAL SHADOWS_OFF LIGHTMAP_OFF DIRLIGHTMAP_OFF ok=1
Cmd: compileSnippet
  api=4 type=1 insize=4629 outsize=1713 kw=DIRECTIONAL SHADOWS_OFF LIGHTMAP_OFF DIRLIGHTMAP_OFF ok=1
Cmd: compileSnippet
  api=4 type=0 insize=2580 outsize=3110 kw=POINT ok=1
Cmd: compileSnippet
  api=4 type=1 insize=2580 outsize=2013 kw=POINT ok=1
Cmd: compileSnippet
  api=4 type=0 insize=1931 outsize=1477 kw= ok=1
Cmd: compileSnippet
  api=4 type=1 insize=1931 outsize=632 kw= ok=1
Cmd: compileSnippet
  api=4 type=0 insize=4321 outsize=3118 kw=LIGHTMAP_OFF DIRLIGHTMAP_OFF HDR_LIGHT_PREPASS_OFF ok=1
Cmd: compileSnippet
  api=4 type=1 insize=4321 outsize=1656 kw=LIGHTMAP_OFF DIRLIGHTMAP_OFF HDR_LIGHT_PREPASS_OFF ok=1
Cmd: compileSnippet
  api=4 type=0 insize=2580 outsize=2087 kw=DIRECTIONAL ok=1
Cmd: compileSnippet
  api=4 type=1 insize=2580 outsize=1599 kw=DIRECTIONAL ok=1
Cmd: preprocess
  insize=734 outsize=1333 ok=1
Cmd: compileSnippet
  api=4 type=0 insize=4629 outsize=2842 kw=DIRECTIONAL SHADOWS_OFF LIGHTMAP_OFF DIRLIGHTMAP_OFF ok=1
Cmd: compileSnippet
  api=4 type=1 insize=4629 outsize=1713 kw=DIRECTIONAL SHADOWS_OFF LIGHTMAP_OFF DIRLIGHTMAP_OFF ok=1
Cmd: compileSnippet
  api=4 type=0 insize=2580 outsize=3110 kw=POINT ok=1
Cmd: compileSnippet
  api=4 type=1 insize=2580 outsize=2013 kw=POINT ok=1
Cmd: compileSnippet
  api=4 type=0 insize=1931 outsize=1477 kw= ok=1
Cmd: compileSnippet
  api=4 type=1 insize=1931 outsize=632 kw= ok=1
Cmd: compileSnippet
  api=4 type=0 insize=4321 outsize=3118 kw=LIGHTMAP_OFF DIRLIGHTMAP_OFF HDR_LIGHT_PREPASS_OFF ok=1
Cmd: compileSnippet
  api=4 type=1 insize=4321 outsize=1656 kw=LIGHTMAP_OFF DIRLIGHTMAP_OFF HDR_LIGHT_PREPASS_OFF ok=1
Cmd: compileSnippet
  api=4 type=0 insize=2580 outsize=2087 kw=DIRECTIONAL ok=1
Cmd: compileSnippet
  api=4 type=1 insize=2580 outsize=1599 kw=DIRECTIONAL ok=1
Cmd: preprocess
  insize=742 outsize=1334 ok=1
Cmd: compileSnippet
  api=4 type=0 insize=4637 outsize=2842 kw=DIRECTIONAL SHADOWS_OFF LIGHTMAP_OFF DIRLIGHTMAP_OFF ok=1
Cmd: compileSnippet
  api=4 type=1 insize=4637 outsize=1794 kw=DIRECTIONAL SHADOWS_OFF LIGHTMAP_OFF DIRLIGHTMAP_OFF ok=1
Cmd: compileSnippet
  api=4 type=0 insize=2588 outsize=3110 kw=POINT ok=1
Cmd: compileSnippet
  api=4 type=1 insize=2588 outsize=2095 kw=POINT ok=1
Cmd: compileSnippet
  api=4 type=0 insize=1939 outsize=1477 kw= ok=1
Cmd: compileSnippet
  api=4 type=1 insize=1939 outsize=632 kw= ok=1
Cmd: compileSnippet
  api=4 type=0 insize=4329 outsize=3118 kw=LIGHTMAP_OFF DIRLIGHTMAP_OFF HDR_LIGHT_PREPASS_OFF ok=1
Cmd: compileSnippet
  api=4 type=1 insize=4329 outsize=1737 kw=LIGHTMAP_OFF DIRLIGHTMAP_OFF HDR_LIGHT_PREPASS_OFF ok=1
Cmd: compileSnippet
  api=4 type=0 insize=2588 outsize=2087 kw=DIRECTIONAL ok=1
Cmd: compileSnippet
  api=4 type=1 insize=2588 outsize=1680 kw=DIRECTIONAL ok=1
Cmd: preprocess
  insize=743 outsize=1334 ok=1
Cmd: compileSnippet
  api=4 type=0 insize=4638 outsize=2842 kw=DIRECTIONAL SHADOWS_OFF LIGHTMAP_OFF DIRLIGHTMAP_OFF ok=1
Cmd: compileSnippet
  api=4 type=1 insize=4638 outsize=1794 kw=DIRECTIONAL SHADOWS_OFF LIGHTMAP_OFF DIRLIGHTMAP_OFF ok=1
Cmd: compileSnippet
  api=4 type=0 insize=2589 outsize=3110 kw=POINT ok=1
Cmd: compileSnippet
  api=4 type=1 insize=2589 outsize=2095 kw=POINT ok=1
Cmd: compileSnippet
  api=4 type=0 insize=1940 outsize=1477 kw= ok=1
Cmd: compileSnippet
  api=4 type=1 insize=1940 outsize=632 kw= ok=1
Cmd: compileSnippet
  api=4 type=0 insize=4330 outsize=3118 kw=LIGHTMAP_OFF DIRLIGHTMAP_OFF HDR_LIGHT_PREPASS_OFF ok=1
Cmd: compileSnippet
  api=4 type=1 insize=4330 outsize=1737 kw=LIGHTMAP_OFF DIRLIGHTMAP_OFF HDR_LIGHT_PREPASS_OFF ok=1
Cmd: compileSnippet
  api=4 type=0 insize=2589 outsize=2087 kw=DIRECTIONAL ok=1
Cmd: compileSnippet
  api=4 type=1 insize=2589 outsize=1680 kw=DIRECTIONAL ok=1
Cmd: preprocess
  insize=734 outsize=1332 ok=1
Cmd: preprocess
  insize=734 outsize=1333 ok=1
Cmd: compileSnippet
  api=4 type=0 insize=4629 outsize=2842 kw=DIRECTIONAL SHADOWS_OFF LIGHTMAP_OFF DIRLIGHTMAP_OFF ok=1
Cmd: compileSnippet
  api=4 type=1 insize=4629 outsize=1672 kw=DIRECTIONAL SHADOWS_OFF LIGHTMAP_OFF DIRLIGHTMAP_OFF ok=1
Cmd: compileSnippet
  api=4 type=0 insize=2580 outsize=3110 kw=POINT ok=1
Cmd: compileSnippet
  api=4 type=1 insize=2580 outsize=1973 kw=POINT ok=1
Cmd: compileSnippet
  api=4 type=0 insize=1931 outsize=1477 kw= ok=1
Cmd: compileSnippet
  api=4 type=1 insize=1931 outsize=632 kw= ok=1
Cmd: compileSnippet
  api=4 type=0 insize=4321 outsize=3118 kw=LIGHTMAP_OFF DIRLIGHTMAP_OFF HDR_LIGHT_PREPASS_OFF ok=1
Cmd: compileSnippet
  api=4 type=1 insize=4321 outsize=1615 kw=LIGHTMAP_OFF DIRLIGHTMAP_OFF HDR_LIGHT_PREPASS_OFF ok=1
Cmd: compileSnippet
  api=4 type=0 insize=2580 outsize=2087 kw=DIRECTIONAL ok=1
Cmd: compileSnippet
  api=4 type=1 insize=2580 outsize=1558 kw=DIRECTIONAL ok=1
Cmd: preprocess
  insize=734 outsize=1333 ok=1
Cmd: compileSnippet
  api=4 type=0 insize=4629 outsize=2842 kw=DIRECTIONAL SHADOWS_OFF LIGHTMAP_OFF DIRLIGHTMAP_OFF ok=1
Cmd: compileSnippet
  api=4 type=1 insize=4629 outsize=1672 kw=DIRECTIONAL SHADOWS_OFF LIGHTMAP_OFF DIRLIGHTMAP_OFF ok=1
Cmd: compileSnippet
  api=4 type=0 insize=2580 outsize=3110 kw=POINT ok=1
Cmd: compileSnippet
  api=4 type=1 insize=2580 outsize=1973 kw=POINT ok=1
Cmd: compileSnippet
  api=4 type=0 insize=1931 outsize=1477 kw= ok=1
Cmd: compileSnippet
  api=4 type=1 insize=1931 outsize=632 kw= ok=1
Cmd: compileSnippet
  api=4 type=0 insize=4321 outsize=3118 kw=LIGHTMAP_OFF DIRLIGHTMAP_OFF HDR_LIGHT_PREPASS_OFF ok=1
Cmd: compileSnippet
  api=4 type=1 insize=4321 outsize=1615 kw=LIGHTMAP_OFF DIRLIGHTMAP_OFF HDR_LIGHT_PREPASS_OFF ok=1
Cmd: compileSnippet
  api=4 type=0 insize=2580 outsize=2087 kw=DIRECTIONAL ok=1
Cmd: compileSnippet
  api=4 type=1 insize=2580 outsize=1558 kw=DIRECTIONAL ok=1
Cmd: preprocess
  insize=734 outsize=1332 ok=1
Cmd: preprocess
  insize=727 outsize=1333 ok=1
Cmd: compileSnippet
  api=4 type=0 insize=4622 outsize=2842 kw=DIRECTIONAL SHADOWS_OFF LIGHTMAP_OFF DIRLIGHTMAP_OFF ok=1
Cmd: compileSnippet
  api=4 type=1 insize=4622 outsize=1640 kw=DIRECTIONAL SHADOWS_OFF LIGHTMAP_OFF DIRLIGHTMAP_OFF ok=1
Cmd: compileSnippet
  api=4 type=0 insize=2573 outsize=3110 kw=POINT ok=1
Cmd: compileSnippet
  api=4 type=1 insize=2573 outsize=1940 kw=POINT ok=1
Cmd: compileSnippet
  api=4 type=0 insize=1924 outsize=1477 kw= ok=1
Cmd: compileSnippet
  api=4 type=1 insize=1924 outsize=632 kw= ok=1
Cmd: compileSnippet
  api=4 type=0 insize=4314 outsize=3118 kw=LIGHTMAP_OFF DIRLIGHTMAP_OFF HDR_LIGHT_PREPASS_OFF ok=1
Cmd: compileSnippet
  api=4 type=1 insize=4314 outsize=1583 kw=LIGHTMAP_OFF DIRLIGHTMAP_OFF HDR_LIGHT_PREPASS_OFF ok=1
Cmd: compileSnippet
  api=4 type=0 insize=2573 outsize=2087 kw=DIRECTIONAL ok=1
Cmd: compileSnippet
  api=4 type=1 insize=2573 outsize=1526 kw=DIRECTIONAL ok=1
Cmd: preprocess
  insize=727 outsize=1334 ok=1
Cmd: compileSnippet
  api=4 type=0 insize=4622 outsize=2842 kw=DIRECTIONAL SHADOWS_OFF LIGHTMAP_OFF DIRLIGHTMAP_OFF ok=1
Cmd: compileSnippet
  api=4 type=1 insize=4622 outsize=1640 kw=DIRECTIONAL SHADOWS_OFF LIGHTMAP_OFF DIRLIGHTMAP_OFF ok=1
Cmd: compileSnippet
  api=4 type=0 insize=2573 outsize=3110 kw=POINT ok=1
Cmd: compileSnippet
  api=4 type=1 insize=2573 outsize=1940 kw=POINT ok=1
Cmd: compileSnippet
  api=4 type=0 insize=1924 outsize=1477 kw= ok=1
Cmd: compileSnippet
  api=4 type=1 insize=1924 outsize=632 kw= ok=1
Cmd: compileSnippet
  api=4 type=0 insize=4314 outsize=3118 kw=LIGHTMAP_OFF DIRLIGHTMAP_OFF HDR_LIGHT_PREPASS_OFF ok=1
Cmd: compileSnippet
  api=4 type=1 insize=4314 outsize=1583 kw=LIGHTMAP_OFF DIRLIGHTMAP_OFF HDR_LIGHT_PREPASS_OFF ok=1
Cmd: compileSnippet
  api=4 type=0 insize=2573 outsize=2087 kw=DIRECTIONAL ok=1
Cmd: compileSnippet
  api=4 type=1 insize=2573 outsize=1526 kw=DIRECTIONAL ok=1
Cmd: preprocess
  insize=727 outsize=1333 ok=1
Cmd: compileSnippet
  api=4 type=0 insize=4622 outsize=2842 kw=DIRECTIONAL SHADOWS_OFF LIGHTMAP_OFF DIRLIGHTMAP_OFF ok=1
Cmd: compileSnippet
  api=4 type=1 insize=4622 outsize=1591 kw=DIRECTIONAL SHADOWS_OFF LIGHTMAP_OFF DIRLIGHTMAP_OFF ok=1
Cmd: compileSnippet
  api=4 type=0 insize=2573 outsize=3110 kw=POINT ok=1
Cmd: compileSnippet
  api=4 type=1 insize=2573 outsize=1892 kw=POINT ok=1
Cmd: compileSnippet
  api=4 type=0 insize=1924 outsize=1477 kw= ok=1
Cmd: compileSnippet
  api=4 type=1 insize=1924 outsize=632 kw= ok=1
Cmd: compileSnippet
  api=4 type=0 insize=4314 outsize=3118 kw=LIGHTMAP_OFF DIRLIGHTMAP_OFF HDR_LIGHT_PREPASS_OFF ok=1
Cmd: compileSnippet
  api=4 type=1 insize=4314 outsize=1534 kw=LIGHTMAP_OFF DIRLIGHTMAP_OFF HDR_LIGHT_PREPASS_OFF ok=1
Cmd: compileSnippet
  api=4 type=0 insize=2573 outsize=2087 kw=DIRECTIONAL ok=1
Cmd: compileSnippet
  api=4 type=1 insize=2573 outsize=1477 kw=DIRECTIONAL ok=1
Cmd: preprocess
  insize=729 outsize=1332 ok=1
Cmd: compileSnippet
  api=4 type=0 insize=4624 outsize=2842 kw=DIRECTIONAL SHADOWS_OFF LIGHTMAP_OFF DIRLIGHTMAP_OFF ok=1
Cmd: compileSnippet
  api=4 type=1 insize=4624 outsize=1632 kw=DIRECTIONAL SHADOWS_OFF LIGHTMAP_OFF DIRLIGHTMAP_OFF ok=1
Cmd: compileSnippet
  api=4 type=0 insize=2575 outsize=3110 kw=POINT ok=1
Cmd: compileSnippet
  api=4 type=1 insize=2575 outsize=1932 kw=POINT ok=1
Cmd: compileSnippet
  api=4 type=0 insize=1926 outsize=1477 kw= ok=1
Cmd: compileSnippet
  api=4 type=1 insize=1926 outsize=632 kw= ok=1
Cmd: compileSnippet
  api=4 type=0 insize=4316 outsize=3118 kw=LIGHTMAP_OFF DIRLIGHTMAP_OFF HDR_LIGHT_PREPASS_OFF ok=1
Cmd: compileSnippet
  api=4 type=1 insize=4316 outsize=1575 kw=LIGHTMAP_OFF DIRLIGHTMAP_OFF HDR_LIGHT_PREPASS_OFF ok=1
Cmd: compileSnippet
  api=4 type=0 insize=2575 outsize=2087 kw=DIRECTIONAL ok=1
Cmd: compileSnippet
  api=4 type=1 insize=2575 outsize=1518 kw=DIRECTIONAL ok=1
Cmd: preprocess
  error: 2 plat 12 at (19): Giving up. Parser is hopelessly lost...
  error: 2 plat 12 at (35): Syntax error
  insize=730 outsize=496 ok=0
Cmd: preprocess
  insize=729 outsize=1333 ok=1
Cmd: compileSnippet
  api=4 type=0 insize=4624 outsize=2842 kw=DIRECTIONAL SHADOWS_OFF LIGHTMAP_OFF DIRLIGHTMAP_OFF ok=1
Cmd: compileSnippet
  api=4 type=1 insize=4624 outsize=1640 kw=DIRECTIONAL SHADOWS_OFF LIGHTMAP_OFF DIRLIGHTMAP_OFF ok=1
Cmd: compileSnippet
  api=4 type=0 insize=2575 outsize=3110 kw=POINT ok=1
Cmd: compileSnippet
  api=4 type=1 insize=2575 outsize=1940 kw=POINT ok=1
Cmd: compileSnippet
  api=4 type=0 insize=1926 outsize=1477 kw= ok=1
Cmd: compileSnippet
  api=4 type=1 insize=1926 outsize=632 kw= ok=1
Cmd: compileSnippet
  api=4 type=0 insize=4316 outsize=3118 kw=LIGHTMAP_OFF DIRLIGHTMAP_OFF HDR_LIGHT_PREPASS_OFF ok=1
Cmd: compileSnippet
  api=4 type=1 insize=4316 outsize=1583 kw=LIGHTMAP_OFF DIRLIGHTMAP_OFF HDR_LIGHT_PREPASS_OFF ok=1
Cmd: compileSnippet
  api=4 type=0 insize=2575 outsize=2087 kw=DIRECTIONAL ok=1
Cmd: compileSnippet
  api=4 type=1 insize=2575 outsize=1526 kw=DIRECTIONAL ok=1
Cmd: preprocess
  insize=725 outsize=1334 ok=1
Cmd: preprocess
  insize=732 outsize=1334 ok=1
Cmd: compileSnippet
  api=4 type=0 insize=4627 outsize=2842 kw=DIRECTIONAL SHADOWS_OFF LIGHTMAP_OFF DIRLIGHTMAP_OFF ok=1
Cmd: compileSnippet
  api=4 type=1 insize=4627 outsize=1713 kw=DIRECTIONAL SHADOWS_OFF LIGHTMAP_OFF DIRLIGHTMAP_OFF ok=1
Cmd: compileSnippet
  api=4 type=0 insize=2578 outsize=3110 kw=POINT ok=1
Cmd: compileSnippet
  api=4 type=1 insize=2578 outsize=2013 kw=POINT ok=1
Cmd: compileSnippet
  api=4 type=0 insize=1929 outsize=1477 kw= ok=1
Cmd: compileSnippet
  api=4 type=1 insize=1929 outsize=632 kw= ok=1
Cmd: compileSnippet
  api=4 type=0 insize=4319 outsize=3118 kw=LIGHTMAP_OFF DIRLIGHTMAP_OFF HDR_LIGHT_PREPASS_OFF ok=1
Cmd: compileSnippet
  api=4 type=1 insize=4319 outsize=1656 kw=LIGHTMAP_OFF DIRLIGHTMAP_OFF HDR_LIGHT_PREPASS_OFF ok=1
Cmd: compileSnippet
  api=4 type=0 insize=2578 outsize=2087 kw=DIRECTIONAL ok=1
Cmd: compileSnippet
  api=4 type=1 insize=2578 outsize=1599 kw=DIRECTIONAL ok=1
Cmd: preprocess
  insize=732 outsize=1334 ok=1
Cmd: compileSnippet
  api=4 type=0 insize=4627 outsize=2842 kw=DIRECTIONAL SHADOWS_OFF LIGHTMAP_OFF DIRLIGHTMAP_OFF ok=1
Cmd: compileSnippet
  api=4 type=1 insize=4627 outsize=1672 kw=DIRECTIONAL SHADOWS_OFF LIGHTMAP_OFF DIRLIGHTMAP_OFF ok=1
Cmd: compileSnippet
  api=4 type=0 insize=2578 outsize=3110 kw=POINT ok=1
Cmd: compileSnippet
  api=4 type=1 insize=2578 outsize=1973 kw=POINT ok=1
Cmd: compileSnippet
  api=4 type=0 insize=1929 outsize=1477 kw= ok=1
Cmd: compileSnippet
  api=4 type=1 insize=1929 outsize=632 kw= ok=1
Cmd: compileSnippet
  api=4 type=0 insize=4319 outsize=3118 kw=LIGHTMAP_OFF DIRLIGHTMAP_OFF HDR_LIGHT_PREPASS_OFF ok=1
Cmd: compileSnippet
  api=4 type=1 insize=4319 outsize=1615 kw=LIGHTMAP_OFF DIRLIGHTMAP_OFF HDR_LIGHT_PREPASS_OFF ok=1
Cmd: compileSnippet
  api=4 type=0 insize=2578 outsize=2087 kw=DIRECTIONAL ok=1
Cmd: compileSnippet
  api=4 type=1 insize=2578 outsize=1558 kw=DIRECTIONAL ok=1
Cmd: preprocess
  insize=739 outsize=1332 ok=1
Cmd: compileSnippet
  api=4 type=0 insize=4634 outsize=2842 kw=DIRECTIONAL SHADOWS_OFF LIGHTMAP_OFF DIRLIGHTMAP_OFF ok=1
Cmd: compileSnippet
  api=4 type=1 insize=4634 outsize=1770 kw=DIRECTIONAL SHADOWS_OFF LIGHTMAP_OFF DIRLIGHTMAP_OFF ok=1
Cmd: compileSnippet
  api=4 type=0 insize=2585 outsize=3110 kw=POINT ok=1
Cmd: compileSnippet
  api=4 type=1 insize=2585 outsize=2070 kw=POINT ok=1
Cmd: compileSnippet
  api=4 type=0 insize=1936 outsize=1477 kw= ok=1
Cmd: compileSnippet
  api=4 type=1 insize=1936 outsize=632 kw= ok=1
Cmd: compileSnippet
  api=4 type=0 insize=4326 outsize=3118 kw=LIGHTMAP_OFF DIRLIGHTMAP_OFF HDR_LIGHT_PREPASS_OFF ok=1
Cmd: compileSnippet
  api=4 type=1 insize=4326 outsize=1713 kw=LIGHTMAP_OFF DIRLIGHTMAP_OFF HDR_LIGHT_PREPASS_OFF ok=1
Cmd: compileSnippet
  api=4 type=0 insize=2585 outsize=2087 kw=DIRECTIONAL ok=1
Cmd: compileSnippet
  api=4 type=1 insize=2585 outsize=1656 kw=DIRECTIONAL ok=1
Cmd: preprocess
  insize=725 outsize=1334 ok=1
Cmd: preprocess
  insize=732 outsize=1333 ok=1
Cmd: compileSnippet
  api=4 type=0 insize=4627 outsize=2842 kw=DIRECTIONAL SHADOWS_OFF LIGHTMAP_OFF DIRLIGHTMAP_OFF ok=1
Cmd: compileSnippet
  api=4 type=1 insize=4627 outsize=1688 kw=DIRECTIONAL SHADOWS_OFF LIGHTMAP_OFF DIRLIGHTMAP_OFF ok=1
Cmd: compileSnippet
  api=4 type=0 insize=2578 outsize=3110 kw=POINT ok=1
Cmd: compileSnippet
  api=4 type=1 insize=2578 outsize=1989 kw=POINT ok=1
Cmd: compileSnippet
  api=4 type=0 insize=1929 outsize=1477 kw= ok=1
Cmd: compileSnippet
  api=4 type=1 insize=1929 outsize=632 kw= ok=1
Cmd: compileSnippet
  api=4 type=0 insize=4319 outsize=3118 kw=LIGHTMAP_OFF DIRLIGHTMAP_OFF HDR_LIGHT_PREPASS_OFF ok=1
Cmd: compileSnippet
  api=4 type=1 insize=4319 outsize=1632 kw=LIGHTMAP_OFF DIRLIGHTMAP_OFF HDR_LIGHT_PREPASS_OFF ok=1
Cmd: compileSnippet
  api=4 type=0 insize=2578 outsize=2087 kw=DIRECTIONAL ok=1
Cmd: compileSnippet
  api=4 type=1 insize=2578 outsize=1575 kw=DIRECTIONAL ok=1
Cmd: preprocess
  insize=727 outsize=1333 ok=1
Cmd: compileSnippet
  api=4 type=0 insize=4622 outsize=2842 kw=DIRECTIONAL SHADOWS_OFF LIGHTMAP_OFF DIRLIGHTMAP_OFF ok=1
Cmd: compileSnippet
  api=4 type=1 insize=4622 outsize=1632 kw=DIRECTIONAL SHADOWS_OFF LIGHTMAP_OFF DIRLIGHTMAP_OFF ok=1
Cmd: compileSnippet
  api=4 type=0 insize=2573 outsize=3110 kw=POINT ok=1
Cmd: compileSnippet
  api=4 type=1 insize=2573 outsize=1932 kw=POINT ok=1
Cmd: compileSnippet
  api=4 type=0 insize=1924 outsize=1477 kw= ok=1
Cmd: compileSnippet
  api=4 type=1 insize=1924 outsize=632 kw= ok=1
Cmd: compileSnippet
  api=4 type=0 insize=4314 outsize=3118 kw=LIGHTMAP_OFF DIRLIGHTMAP_OFF HDR_LIGHT_PREPASS_OFF ok=1
Cmd: compileSnippet
  api=4 type=1 insize=4314 outsize=1575 kw=LIGHTMAP_OFF DIRLIGHTMAP_OFF HDR_LIGHT_PREPASS_OFF ok=1
Cmd: compileSnippet
  api=4 type=0 insize=2573 outsize=2087 kw=DIRECTIONAL ok=1
Cmd: compileSnippet
  api=4 type=1 insize=2573 outsize=1518 kw=DIRECTIONAL ok=1
Cmd: preprocess
  insize=734 outsize=1334 ok=1
Cmd: compileSnippet
  api=4 type=0 insize=4629 outsize=2842 kw=DIRECTIONAL SHADOWS_OFF LIGHTMAP_OFF DIRLIGHTMAP_OFF ok=1
Cmd: compileSnippet
  api=4 type=1 insize=4629 outsize=1713 kw=DIRECTIONAL SHADOWS_OFF LIGHTMAP_OFF DIRLIGHTMAP_OFF ok=1
Cmd: compileSnippet
  api=4 type=0 insize=2580 outsize=3110 kw=POINT ok=1
Cmd: compileSnippet
  api=4 type=1 insize=2580 outsize=2013 kw=POINT ok=1
Cmd: compileSnippet
  api=4 type=0 insize=1931 outsize=1477 kw= ok=1
Cmd: compileSnippet
  api=4 type=1 insize=1931 outsize=632 kw= ok=1
Cmd: compileSnippet
  api=4 type=0 insize=4321 outsize=3118 kw=LIGHTMAP_OFF DIRLIGHTMAP_OFF HDR_LIGHT_PREPASS_OFF ok=1
Cmd: compileSnippet
  api=4 type=1 insize=4321 outsize=1656 kw=LIGHTMAP_OFF DIRLIGHTMAP_OFF HDR_LIGHT_PREPASS_OFF ok=1
Cmd: compileSnippet
  api=4 type=0 insize=2580 outsize=2087 kw=DIRECTIONAL ok=1
Cmd: compileSnippet
  api=4 type=1 insize=2580 outsize=1599 kw=DIRECTIONAL ok=1
Cmd: preprocess
  insize=734 outsize=1334 ok=1
Cmd: compileSnippet
  api=4 type=0 insize=4629 outsize=2842 kw=DIRECTIONAL SHADOWS_OFF LIGHTMAP_OFF DIRLIGHTMAP_OFF ok=1
Cmd: compileSnippet
  api=4 type=1 insize=4629 outsize=1713 kw=DIRECTIONAL SHADOWS_OFF LIGHTMAP_OFF DIRLIGHTMAP_OFF ok=1
Cmd: compileSnippet
  api=4 type=0 insize=2580 outsize=3110 kw=POINT ok=1
Cmd: compileSnippet
  api=4 type=1 insize=2580 outsize=2013 kw=POINT ok=1
Cmd: compileSnippet
  api=4 type=0 insize=1931 outsize=1477 kw= ok=1
Cmd: compileSnippet
  api=4 type=1 insize=1931 outsize=632 kw= ok=1
Cmd: compileSnippet
  api=4 type=0 insize=4321 outsize=3118 kw=LIGHTMAP_OFF DIRLIGHTMAP_OFF HDR_LIGHT_PREPASS_OFF ok=1
Cmd: compileSnippet
  api=4 type=1 insize=4321 outsize=1656 kw=LIGHTMAP_OFF DIRLIGHTMAP_OFF HDR_LIGHT_PREPASS_OFF ok=1
Cmd: compileSnippet
  api=4 type=0 insize=2580 outsize=2087 kw=DIRECTIONAL ok=1
Cmd: compileSnippet
  api=4 type=1 insize=2580 outsize=1599 kw=DIRECTIONAL ok=1
Cmd: preprocess
  insize=727 outsize=1334 ok=1
Cmd: compileSnippet
  api=4 type=0 insize=4622 outsize=2842 kw=DIRECTIONAL SHADOWS_OFF LIGHTMAP_OFF DIRLIGHTMAP_OFF ok=1
Cmd: compileSnippet
  api=4 type=1 insize=4622 outsize=1591 kw=DIRECTIONAL SHADOWS_OFF LIGHTMAP_OFF DIRLIGHTMAP_OFF ok=1
Cmd: compileSnippet
  api=4 type=0 insize=2573 outsize=3110 kw=POINT ok=1
Cmd: compileSnippet
  api=4 type=1 insize=2573 outsize=1892 kw=POINT ok=1
Cmd: compileSnippet
  api=4 type=0 insize=1924 outsize=1477 kw= ok=1
Cmd: compileSnippet
  api=4 type=1 insize=1924 outsize=632 kw= ok=1
Cmd: compileSnippet
  api=4 type=0 insize=4314 outsize=3118 kw=LIGHTMAP_OFF DIRLIGHTMAP_OFF HDR_LIGHT_PREPASS_OFF ok=1
Cmd: compileSnippet
  api=4 type=1 insize=4314 outsize=1534 kw=LIGHTMAP_OFF DIRLIGHTMAP_OFF HDR_LIGHT_PREPASS_OFF ok=1
Cmd: compileSnippet
  api=4 type=0 insize=2573 outsize=2087 kw=DIRECTIONAL ok=1
Cmd: compileSnippet
  api=4 type=1 insize=2573 outsize=1477 kw=DIRECTIONAL ok=1
Cmd: preprocess
  insize=734 outsize=1333 ok=1
Cmd: compileSnippet
  api=4 type=0 insize=4629 outsize=2842 kw=DIRECTIONAL SHADOWS_OFF LIGHTMAP_OFF DIRLIGHTMAP_OFF ok=1
Cmd: compileSnippet
  api=4 type=1 insize=4629 outsize=1672 kw=DIRECTIONAL SHADOWS_OFF LIGHTMAP_OFF DIRLIGHTMAP_OFF ok=1
Cmd: compileSnippet
  api=4 type=0 insize=2580 outsize=3110 kw=POINT ok=1
Cmd: compileSnippet
  api=4 type=1 insize=2580 outsize=1973 kw=POINT ok=1
Cmd: compileSnippet
  api=4 type=0 insize=1931 outsize=1477 kw= ok=1
Cmd: compileSnippet
  api=4 type=1 insize=1931 outsize=632 kw= ok=1
Cmd: compileSnippet
  api=4 type=0 insize=4321 outsize=3118 kw=LIGHTMAP_OFF DIRLIGHTMAP_OFF HDR_LIGHT_PREPASS_OFF ok=1
Cmd: compileSnippet
  api=4 type=1 insize=4321 outsize=1615 kw=LIGHTMAP_OFF DIRLIGHTMAP_OFF HDR_LIGHT_PREPASS_OFF ok=1
Cmd: compileSnippet
  api=4 type=0 insize=2580 outsize=2087 kw=DIRECTIONAL ok=1
Cmd: compileSnippet
  api=4 type=1 insize=2580 outsize=1558 kw=DIRECTIONAL ok=1
Cmd: preprocess
  insize=734 outsize=1333 ok=1
Cmd: compileSnippet
  api=4 type=0 insize=4629 outsize=2842 kw=DIRECTIONAL SHADOWS_OFF LIGHTMAP_OFF DIRLIGHTMAP_OFF ok=1
Cmd: compileSnippet
  api=4 type=1 insize=4629 outsize=1672 kw=DIRECTIONAL SHADOWS_OFF LIGHTMAP_OFF DIRLIGHTMAP_OFF ok=1
Cmd: compileSnippet
  api=4 type=0 insize=2580 outsize=3110 kw=POINT ok=1
Cmd: compileSnippet
  api=4 type=1 insize=2580 outsize=1973 kw=POINT ok=1
Cmd: compileSnippet
  api=4 type=0 insize=1931 outsize=1477 kw= ok=1
Cmd: compileSnippet
  api=4 type=1 insize=1931 outsize=632 kw= ok=1
Cmd: compileSnippet
  api=4 type=0 insize=4321 outsize=3118 kw=LIGHTMAP_OFF DIRLIGHTMAP_OFF HDR_LIGHT_PREPASS_OFF ok=1
Cmd: compileSnippet
  api=4 type=1 insize=4321 outsize=1615 kw=LIGHTMAP_OFF DIRLIGHTMAP_OFF HDR_LIGHT_PREPASS_OFF ok=1
Cmd: compileSnippet
  api=4 type=0 insize=2580 outsize=2087 kw=DIRECTIONAL ok=1
Cmd: compileSnippet
  api=4 type=1 insize=2580 outsize=1558 kw=DIRECTIONAL ok=1
Cmd: preprocess
  insize=734 outsize=1334 ok=1
Cmd: compileSnippet
  api=4 type=0 insize=4629 outsize=2842 kw=DIRECTIONAL SHADOWS_OFF LIGHTMAP_OFF DIRLIGHTMAP_OFF ok=1
Cmd: compileSnippet
  api=4 type=1 insize=4629 outsize=1672 kw=DIRECTIONAL SHADOWS_OFF LIGHTMAP_OFF DIRLIGHTMAP_OFF ok=1
Cmd: compileSnippet
  api=4 type=0 insize=2580 outsize=3110 kw=POINT ok=1
Cmd: compileSnippet
  api=4 type=1 insize=2580 outsize=1973 kw=POINT ok=1
Cmd: compileSnippet
  api=4 type=0 insize=1931 outsize=1477 kw= ok=1
Cmd: compileSnippet
  api=4 type=1 insize=1931 outsize=632 kw= ok=1
Cmd: compileSnippet
  api=4 type=0 insize=4321 outsize=3118 kw=LIGHTMAP_OFF DIRLIGHTMAP_OFF HDR_LIGHT_PREPASS_OFF ok=1
Cmd: compileSnippet
  api=4 type=1 insize=4321 outsize=1615 kw=LIGHTMAP_OFF DIRLIGHTMAP_OFF HDR_LIGHT_PREPASS_OFF ok=1
Cmd: compileSnippet
  api=4 type=0 insize=2580 outsize=2087 kw=DIRECTIONAL ok=1
Cmd: compileSnippet
  api=4 type=1 insize=2580 outsize=1558 kw=DIRECTIONAL ok=1
Cmd: preprocess
  insize=734 outsize=1333 ok=1
Cmd: compileSnippet
  api=4 type=0 insize=4629 outsize=2842 kw=DIRECTIONAL SHADOWS_OFF LIGHTMAP_OFF DIRLIGHTMAP_OFF ok=1
Cmd: compileSnippet
  api=4 type=1 insize=4629 outsize=1713 kw=DIRECTIONAL SHADOWS_OFF LIGHTMAP_OFF DIRLIGHTMAP_OFF ok=1
Cmd: compileSnippet
  api=4 type=0 insize=2580 outsize=3110 kw=POINT ok=1
Cmd: compileSnippet
  api=4 type=1 insize=2580 outsize=2013 kw=POINT ok=1
Cmd: compileSnippet
  api=4 type=0 insize=1931 outsize=1477 kw= ok=1
Cmd: compileSnippet
  api=4 type=1 insize=1931 outsize=632 kw= ok=1
Cmd: compileSnippet
  api=4 type=0 insize=4321 outsize=3118 kw=LIGHTMAP_OFF DIRLIGHTMAP_OFF HDR_LIGHT_PREPASS_OFF ok=1
Cmd: compileSnippet
  api=4 type=1 insize=4321 outsize=1656 kw=LIGHTMAP_OFF DIRLIGHTMAP_OFF HDR_LIGHT_PREPASS_OFF ok=1
Cmd: compileSnippet
  api=4 type=0 insize=2580 outsize=2087 kw=DIRECTIONAL ok=1
Cmd: compileSnippet
  api=4 type=1 insize=2580 outsize=1599 kw=DIRECTIONAL ok=1
Cmd: preprocess
  insize=734 outsize=1333 ok=1
Cmd: compileSnippet
  api=4 type=0 insize=4629 outsize=2842 kw=DIRECTIONAL SHADOWS_OFF LIGHTMAP_OFF DIRLIGHTMAP_OFF ok=1
Cmd: compileSnippet
  api=4 type=1 insize=4629 outsize=1599 kw=DIRECTIONAL SHADOWS_OFF LIGHTMAP_OFF DIRLIGHTMAP_OFF ok=1
Cmd: compileSnippet
  api=4 type=0 insize=2580 outsize=3110 kw=POINT ok=1
Cmd: compileSnippet
  api=4 type=1 insize=2580 outsize=1900 kw=POINT ok=1
Cmd: compileSnippet
  api=4 type=0 insize=1931 outsize=1477 kw= ok=1
Cmd: compileSnippet
  api=4 type=1 insize=1931 outsize=632 kw= ok=1
Cmd: compileSnippet
  api=4 type=0 insize=4321 outsize=3118 kw=LIGHTMAP_OFF DIRLIGHTMAP_OFF HDR_LIGHT_PREPASS_OFF ok=1
Cmd: compileSnippet
  api=4 type=1 insize=4321 outsize=1542 kw=LIGHTMAP_OFF DIRLIGHTMAP_OFF HDR_LIGHT_PREPASS_OFF ok=1
Cmd: compileSnippet
  api=4 type=0 insize=2580 outsize=2087 kw=DIRECTIONAL ok=1
Cmd: compileSnippet
  api=4 type=1 insize=2580 outsize=1485 kw=DIRECTIONAL ok=1
Cmd: preprocess
  insize=714 outsize=1333 ok=1
Cmd: compileSnippet
  api=4 type=0 insize=4511 outsize=2696 kw=DIRECTIONAL SHADOWS_OFF LIGHTMAP_OFF DIRLIGHTMAP_OFF ok=1
Cmd: compileSnippet
  api=4 type=1 insize=4511 outsize=1493 kw=DIRECTIONAL SHADOWS_OFF LIGHTMAP_OFF DIRLIGHTMAP_OFF ok=1
Cmd: compileSnippet
  api=4 type=0 insize=2487 outsize=2964 kw=POINT ok=1
Cmd: compileSnippet
  api=4 type=1 insize=2487 outsize=1794 kw=POINT ok=1
Cmd: compileSnippet
  api=4 type=0 insize=1911 outsize=1477 kw= ok=1
Cmd: compileSnippet
  api=4 type=1 insize=1911 outsize=632 kw= ok=1
Cmd: compileSnippet
  api=4 type=0 insize=4228 outsize=2972 kw=LIGHTMAP_OFF DIRLIGHTMAP_OFF HDR_LIGHT_PREPASS_OFF ok=1
Cmd: compileSnippet
  api=4 type=1 insize=4228 outsize=1437 kw=LIGHTMAP_OFF DIRLIGHTMAP_OFF HDR_LIGHT_PREPASS_OFF ok=1
Cmd: compileSnippet
  api=4 type=0 insize=2487 outsize=1940 kw=DIRECTIONAL ok=1
Cmd: compileSnippet
  api=4 type=1 insize=2487 outsize=1380 kw=DIRECTIONAL ok=1
Cmd: preprocess
  insize=736 outsize=1334 ok=1
Cmd: compileSnippet
  api=4 type=0 insize=4631 outsize=2842 kw=DIRECTIONAL SHADOWS_OFF LIGHTMAP_OFF DIRLIGHTMAP_OFF ok=1
Cmd: compileSnippet
  api=4 type=1 insize=4631 outsize=1680 kw=DIRECTIONAL SHADOWS_OFF LIGHTMAP_OFF DIRLIGHTMAP_OFF ok=1
Cmd: compileSnippet
  api=4 type=0 insize=2582 outsize=3110 kw=POINT ok=1
Cmd: compileSnippet
  api=4 type=1 insize=2582 outsize=1981 kw=POINT ok=1
Cmd: compileSnippet
  api=4 type=0 insize=1933 outsize=1477 kw= ok=1
Cmd: compileSnippet
  api=4 type=1 insize=1933 outsize=632 kw= ok=1
Cmd: compileSnippet
  api=4 type=0 insize=4323 outsize=3118 kw=LIGHTMAP_OFF DIRLIGHTMAP_OFF HDR_LIGHT_PREPASS_OFF ok=1
Cmd: compileSnippet
  api=4 type=1 insize=4323 outsize=1623 kw=LIGHTMAP_OFF DIRLIGHTMAP_OFF HDR_LIGHT_PREPASS_OFF ok=1
Cmd: compileSnippet
  api=4 type=0 insize=2582 outsize=2087 kw=DIRECTIONAL ok=1
Cmd: compileSnippet
  api=4 type=1 insize=2582 outsize=1567 kw=DIRECTIONAL ok=1
Cmd: preprocess
  error: 2 plat 12 at (19): Giving up. Parser is hopelessly lost...
  error: 2 plat 12 at (35): Syntax error
  insize=693 outsize=496 ok=0
Cmd: preprocess
  insize=694 outsize=1334 ok=1
Cmd: compileSnippet
  api=4 type=0 insize=4485 outsize=2753 kw=DIRECTIONAL SHADOWS_OFF LIGHTMAP_OFF DIRLIGHTMAP_OFF ok=1
Cmd: compileSnippet
  api=4 type=1 insize=4485 outsize=1469 kw=DIRECTIONAL SHADOWS_OFF LIGHTMAP_OFF DIRLIGHTMAP_OFF ok=1
Cmd: compileSnippet
  api=4 type=0 insize=2436 outsize=3021 kw=POINT ok=1
Cmd: compileSnippet
  api=4 type=1 insize=2436 outsize=1770 kw=POINT ok=1
Cmd: compileSnippet
  api=4 type=0 insize=1891 outsize=1477 kw= ok=1
Cmd: compileSnippet
  api=4 type=1 insize=1891 outsize=632 kw= ok=1
Cmd: compileSnippet
  api=4 type=0 insize=4177 outsize=3029 kw=LIGHTMAP_OFF DIRLIGHTMAP_OFF HDR_LIGHT_PREPASS_OFF ok=1
Cmd: compileSnippet
  api=4 type=1 insize=4177 outsize=1380 kw=LIGHTMAP_OFF DIRLIGHTMAP_OFF HDR_LIGHT_PREPASS_OFF ok=1
Cmd: compileSnippet
  api=4 type=0 insize=2436 outsize=1997 kw=DIRECTIONAL ok=1
Cmd: compileSnippet
  api=4 type=1 insize=2436 outsize=1355 kw=DIRECTIONAL ok=1
Cmd: preprocess
  insize=703 outsize=1334 ok=1
Cmd: compileSnippet
  api=4 type=0 insize=4494 outsize=2753 kw=DIRECTIONAL SHADOWS_OFF LIGHTMAP_OFF DIRLIGHTMAP_OFF ok=1
Cmd: compileSnippet
  api=4 type=1 insize=4494 outsize=1550 kw=DIRECTIONAL SHADOWS_OFF LIGHTMAP_OFF DIRLIGHTMAP_OFF ok=1
Cmd: compileSnippet
  api=4 type=0 insize=2445 outsize=3021 kw=POINT ok=1
Cmd: compileSnippet
  api=4 type=1 insize=2445 outsize=1851 kw=POINT ok=1
Cmd: compileSnippet
  api=4 type=0 insize=1900 outsize=1477 kw= ok=1
Cmd: compileSnippet
  api=4 type=1 insize=1900 outsize=632 kw= ok=1
Cmd: compileSnippet
  api=4 type=0 insize=4186 outsize=3029 kw=LIGHTMAP_OFF DIRLIGHTMAP_OFF HDR_LIGHT_PREPASS_OFF ok=1
Cmd: compileSnippet
  api=4 type=1 insize=4186 outsize=1461 kw=LIGHTMAP_OFF DIRLIGHTMAP_OFF HDR_LIGHT_PREPASS_OFF ok=1
Cmd: compileSnippet
  api=4 type=0 insize=2445 outsize=1997 kw=DIRECTIONAL ok=1
Cmd: compileSnippet
  api=4 type=1 insize=2445 outsize=1437 kw=DIRECTIONAL ok=1
Cmd: preprocess
  insize=705 outsize=1333 ok=1
Cmd: compileSnippet
  api=4 type=0 insize=4502 outsize=2696 kw=DIRECTIONAL SHADOWS_OFF LIGHTMAP_OFF DIRLIGHTMAP_OFF ok=1
Cmd: compileSnippet
  api=4 type=1 insize=4502 outsize=1428 kw=DIRECTIONAL SHADOWS_OFF LIGHTMAP_OFF DIRLIGHTMAP_OFF ok=1
Cmd: compileSnippet
  api=4 type=0 insize=2478 outsize=2964 kw=POINT ok=1
Cmd: compileSnippet
  api=4 type=1 insize=2478 outsize=1729 kw=POINT ok=1
Cmd: compileSnippet
  api=4 type=0 insize=1902 outsize=1477 kw= ok=1
Cmd: compileSnippet
  api=4 type=1 insize=1902 outsize=632 kw= ok=1
Cmd: compileSnippet
  api=4 type=0 insize=4219 outsize=2972 kw=LIGHTMAP_OFF DIRLIGHTMAP_OFF HDR_LIGHT_PREPASS_OFF ok=1
Cmd: compileSnippet
  api=4 type=1 insize=4219 outsize=1339 kw=LIGHTMAP_OFF DIRLIGHTMAP_OFF HDR_LIGHT_PREPASS_OFF ok=1
Cmd: compileSnippet
  api=4 type=0 insize=2478 outsize=1940 kw=DIRECTIONAL ok=1
Cmd: compileSnippet
  api=4 type=1 insize=2478 outsize=1315 kw=DIRECTIONAL ok=1
Cmd: preprocess
  insize=714 outsize=1333 ok=1
Cmd: preprocess
  insize=725 outsize=1334 ok=1
Cmd: preprocess
  insize=732 outsize=1334 ok=1
Cmd: compileSnippet
  api=4 type=0 insize=4627 outsize=2842 kw=DIRECTIONAL SHADOWS_OFF LIGHTMAP_OFF DIRLIGHTMAP_OFF ok=1
Cmd: compileSnippet
  api=4 type=1 insize=4627 outsize=1713 kw=DIRECTIONAL SHADOWS_OFF LIGHTMAP_OFF DIRLIGHTMAP_OFF ok=1
Cmd: compileSnippet
  api=4 type=0 insize=2578 outsize=3110 kw=POINT ok=1
Cmd: compileSnippet
  api=4 type=1 insize=2578 outsize=2013 kw=POINT ok=1
Cmd: compileSnippet
  api=4 type=0 insize=1929 outsize=1477 kw= ok=1
Cmd: compileSnippet
  api=4 type=1 insize=1929 outsize=632 kw= ok=1
Cmd: compileSnippet
  api=4 type=0 insize=4319 outsize=3118 kw=LIGHTMAP_OFF DIRLIGHTMAP_OFF HDR_LIGHT_PREPASS_OFF ok=1
Cmd: compileSnippet
  api=4 type=1 insize=4319 outsize=1656 kw=LIGHTMAP_OFF DIRLIGHTMAP_OFF HDR_LIGHT_PREPASS_OFF ok=1
Cmd: compileSnippet
  api=4 type=0 insize=2578 outsize=2087 kw=DIRECTIONAL ok=1
Cmd: compileSnippet
  api=4 type=1 insize=2578 outsize=1599 kw=DIRECTIONAL ok=1
Cmd: preprocess
  insize=734 outsize=1332 ok=1
Cmd: preprocess
  insize=734 outsize=1334 ok=1
Cmd: preprocess
  insize=725 outsize=1334 ok=1
Cmd: preprocess
  insize=731 outsize=1333 ok=1
Cmd: compileSnippet
  api=4 type=0 insize=4626 outsize=2842 kw=DIRECTIONAL SHADOWS_OFF LIGHTMAP_OFF DIRLIGHTMAP_OFF ok=1
Cmd: compileSnippet
  api=4 type=1 insize=4626 outsize=1688 kw=DIRECTIONAL SHADOWS_OFF LIGHTMAP_OFF DIRLIGHTMAP_OFF ok=1
Cmd: compileSnippet
  api=4 type=0 insize=2577 outsize=3110 kw=POINT ok=1
Cmd: compileSnippet
  api=4 type=1 insize=2577 outsize=1989 kw=POINT ok=1
Cmd: compileSnippet
  api=4 type=0 insize=1928 outsize=1477 kw= ok=1
Cmd: compileSnippet
  api=4 type=1 insize=1928 outsize=632 kw= ok=1
Cmd: compileSnippet
  api=4 type=0 insize=4318 outsize=3118 kw=LIGHTMAP_OFF DIRLIGHTMAP_OFF HDR_LIGHT_PREPASS_OFF ok=1
Cmd: compileSnippet
  api=4 type=1 insize=4318 outsize=1632 kw=LIGHTMAP_OFF DIRLIGHTMAP_OFF HDR_LIGHT_PREPASS_OFF ok=1
Cmd: compileSnippet
  api=4 type=0 insize=2577 outsize=2087 kw=DIRECTIONAL ok=1
Cmd: compileSnippet
  api=4 type=1 insize=2577 outsize=1575 kw=DIRECTIONAL ok=1
Cmd: preprocess
  insize=732 outsize=1334 ok=1
Cmd: compileSnippet
  api=4 type=0 insize=4627 outsize=2842 kw=DIRECTIONAL SHADOWS_OFF LIGHTMAP_OFF DIRLIGHTMAP_OFF ok=1
Cmd: compileSnippet
  api=4 type=1 insize=4627 outsize=1713 kw=DIRECTIONAL SHADOWS_OFF LIGHTMAP_OFF DIRLIGHTMAP_OFF ok=1
Cmd: compileSnippet
  api=4 type=0 insize=2578 outsize=3110 kw=POINT ok=1
Cmd: compileSnippet
  api=4 type=1 insize=2578 outsize=2013 kw=POINT ok=1
Cmd: compileSnippet
  api=4 type=0 insize=1929 outsize=1477 kw= ok=1
Cmd: compileSnippet
  api=4 type=1 insize=1929 outsize=632 kw= ok=1
Cmd: compileSnippet
  api=4 type=0 insize=4319 outsize=3118 kw=LIGHTMAP_OFF DIRLIGHTMAP_OFF HDR_LIGHT_PREPASS_OFF ok=1
Cmd: compileSnippet
  api=4 type=1 insize=4319 outsize=1656 kw=LIGHTMAP_OFF DIRLIGHTMAP_OFF HDR_LIGHT_PREPASS_OFF ok=1
Cmd: compileSnippet
  api=4 type=0 insize=2578 outsize=2087 kw=DIRECTIONAL ok=1
Cmd: compileSnippet
  api=4 type=1 insize=2578 outsize=1599 kw=DIRECTIONAL ok=1
Cmd: preprocess
  insize=741 outsize=1334 ok=1
Cmd: compileSnippet
  api=4 type=0 insize=4636 outsize=2842 kw=DIRECTIONAL SHADOWS_OFF LIGHTMAP_OFF DIRLIGHTMAP_OFF ok=1
Cmd: compileSnippet
  api=4 type=1 insize=4636 outsize=1794 kw=DIRECTIONAL SHADOWS_OFF LIGHTMAP_OFF DIRLIGHTMAP_OFF ok=1
Cmd: compileSnippet
  api=4 type=0 insize=2587 outsize=3110 kw=POINT ok=1
Cmd: compileSnippet
  api=4 type=1 insize=2587 outsize=2095 kw=POINT ok=1
Cmd: compileSnippet
  api=4 type=0 insize=1938 outsize=1477 kw= ok=1
Cmd: compileSnippet
  api=4 type=1 insize=1938 outsize=632 kw= ok=1
Cmd: compileSnippet
  api=4 type=0 insize=4328 outsize=3118 kw=LIGHTMAP_OFF DIRLIGHTMAP_OFF HDR_LIGHT_PREPASS_OFF ok=1
Cmd: compileSnippet
  api=4 type=1 insize=4328 outsize=1737 kw=LIGHTMAP_OFF DIRLIGHTMAP_OFF HDR_LIGHT_PREPASS_OFF ok=1
Cmd: compileSnippet
  api=4 type=0 insize=2587 outsize=2087 kw=DIRECTIONAL ok=1
Cmd: compileSnippet
  api=4 type=1 insize=2587 outsize=1680 kw=DIRECTIONAL ok=1
Cmd: preprocess
  insize=740 outsize=1334 ok=1
Cmd: compileSnippet
  api=4 type=0 insize=4635 outsize=2842 kw=DIRECTIONAL SHADOWS_OFF LIGHTMAP_OFF DIRLIGHTMAP_OFF ok=1
Cmd: compileSnippet
  api=4 type=1 insize=4635 outsize=1770 kw=DIRECTIONAL SHADOWS_OFF LIGHTMAP_OFF DIRLIGHTMAP_OFF ok=1
Cmd: compileSnippet
  api=4 type=0 insize=2586 outsize=3110 kw=POINT ok=1
Cmd: compileSnippet
  api=4 type=1 insize=2586 outsize=2070 kw=POINT ok=1
Cmd: compileSnippet
  api=4 type=0 insize=1937 outsize=1477 kw= ok=1
Cmd: compileSnippet
  api=4 type=1 insize=1937 outsize=632 kw= ok=1
Cmd: compileSnippet
  api=4 type=0 insize=4327 outsize=3118 kw=LIGHTMAP_OFF DIRLIGHTMAP_OFF HDR_LIGHT_PREPASS_OFF ok=1
Cmd: compileSnippet
  api=4 type=1 insize=4327 outsize=1713 kw=LIGHTMAP_OFF DIRLIGHTMAP_OFF HDR_LIGHT_PREPASS_OFF ok=1
Cmd: compileSnippet
  api=4 type=0 insize=2586 outsize=2087 kw=DIRECTIONAL ok=1
Cmd: compileSnippet
  api=4 type=1 insize=2586 outsize=1656 kw=DIRECTIONAL ok=1
Cmd: preprocess
  insize=742 outsize=1334 ok=1
Cmd: compileSnippet
  api=4 type=0 insize=4637 outsize=2842 kw=DIRECTIONAL SHADOWS_OFF LIGHTMAP_OFF DIRLIGHTMAP_OFF ok=1
Cmd: compileSnippet
  api=4 type=1 insize=4637 outsize=1770 kw=DIRECTIONAL SHADOWS_OFF LIGHTMAP_OFF DIRLIGHTMAP_OFF ok=1
Cmd: compileSnippet
  api=4 type=0 insize=2588 outsize=3110 kw=POINT ok=1
Cmd: compileSnippet
  api=4 type=1 insize=2588 outsize=2070 kw=POINT ok=1
Cmd: compileSnippet
  api=4 type=0 insize=1939 outsize=1477 kw= ok=1
Cmd: compileSnippet
  api=4 type=1 insize=1939 outsize=632 kw= ok=1
Cmd: compileSnippet
  api=4 type=0 insize=4329 outsize=3118 kw=LIGHTMAP_OFF DIRLIGHTMAP_OFF HDR_LIGHT_PREPASS_OFF ok=1
Cmd: compileSnippet
  api=4 type=1 insize=4329 outsize=1713 kw=LIGHTMAP_OFF DIRLIGHTMAP_OFF HDR_LIGHT_PREPASS_OFF ok=1
Cmd: compileSnippet
  api=4 type=0 insize=2588 outsize=2087 kw=DIRECTIONAL ok=1
Cmd: compileSnippet
  api=4 type=1 insize=2588 outsize=1656 kw=DIRECTIONAL ok=1
Cmd: preprocess
  insize=742 outsize=1334 ok=1
Cmd: compileSnippet
  api=4 type=0 insize=4637 outsize=2842 kw=DIRECTIONAL SHADOWS_OFF LIGHTMAP_OFF DIRLIGHTMAP_OFF ok=1
Cmd: compileSnippet
  api=4 type=1 insize=4637 outsize=1794 kw=DIRECTIONAL SHADOWS_OFF LIGHTMAP_OFF DIRLIGHTMAP_OFF ok=1
Cmd: compileSnippet
  api=4 type=0 insize=2588 outsize=3110 kw=POINT ok=1
Cmd: compileSnippet
  api=4 type=1 insize=2588 outsize=2095 kw=POINT ok=1
Cmd: compileSnippet
  api=4 type=0 insize=1939 outsize=1477 kw= ok=1
Cmd: compileSnippet
  api=4 type=1 insize=1939 outsize=632 kw= ok=1
Cmd: compileSnippet
  api=4 type=0 insize=4329 outsize=3118 kw=LIGHTMAP_OFF DIRLIGHTMAP_OFF HDR_LIGHT_PREPASS_OFF ok=1
Cmd: compileSnippet
  api=4 type=1 insize=4329 outsize=1737 kw=LIGHTMAP_OFF DIRLIGHTMAP_OFF HDR_LIGHT_PREPASS_OFF ok=1
Cmd: compileSnippet
  api=4 type=0 insize=2588 outsize=2087 kw=DIRECTIONAL ok=1
Cmd: compileSnippet
  api=4 type=1 insize=2588 outsize=1680 kw=DIRECTIONAL ok=1
Cmd: preprocess
  insize=742 outsize=1334 ok=1
Cmd: compileSnippet
  api=4 type=0 insize=4637 outsize=2842 kw=DIRECTIONAL SHADOWS_OFF LIGHTMAP_OFF DIRLIGHTMAP_OFF ok=1
Cmd: compileSnippet
  api=4 type=1 insize=4637 outsize=1794 kw=DIRECTIONAL SHADOWS_OFF LIGHTMAP_OFF DIRLIGHTMAP_OFF ok=1
Cmd: compileSnippet
  api=4 type=0 insize=2588 outsize=3110 kw=POINT ok=1
Cmd: compileSnippet
  api=4 type=1 insize=2588 outsize=2095 kw=POINT ok=1
Cmd: compileSnippet
  api=4 type=0 insize=1939 outsize=1477 kw= ok=1
Cmd: compileSnippet
  api=4 type=1 insize=1939 outsize=632 kw= ok=1
Cmd: compileSnippet
  api=4 type=0 insize=4329 outsize=3118 kw=LIGHTMAP_OFF DIRLIGHTMAP_OFF HDR_LIGHT_PREPASS_OFF ok=1
Cmd: compileSnippet
  api=4 type=1 insize=4329 outsize=1737 kw=LIGHTMAP_OFF DIRLIGHTMAP_OFF HDR_LIGHT_PREPASS_OFF ok=1
Cmd: compileSnippet
  api=4 type=0 insize=2588 outsize=2087 kw=DIRECTIONAL ok=1
Cmd: compileSnippet
  api=4 type=1 insize=2588 outsize=1680 kw=DIRECTIONAL ok=1
Cmd: preprocess
  insize=743 outsize=1334 ok=1
Cmd: compileSnippet
  api=4 type=0 insize=4638 outsize=2842 kw=DIRECTIONAL SHADOWS_OFF LIGHTMAP_OFF DIRLIGHTMAP_OFF ok=1
Cmd: compileSnippet
  api=4 type=1 insize=4638 outsize=1794 kw=DIRECTIONAL SHADOWS_OFF LIGHTMAP_OFF DIRLIGHTMAP_OFF ok=1
Cmd: compileSnippet
  api=4 type=0 insize=2589 outsize=3110 kw=POINT ok=1
Cmd: compileSnippet
  api=4 type=1 insize=2589 outsize=2095 kw=POINT ok=1
Cmd: compileSnippet
  api=4 type=0 insize=1940 outsize=1477 kw= ok=1
Cmd: compileSnippet
  api=4 type=1 insize=1940 outsize=632 kw= ok=1
Cmd: compileSnippet
  api=4 type=0 insize=4330 outsize=3118 kw=LIGHTMAP_OFF DIRLIGHTMAP_OFF HDR_LIGHT_PREPASS_OFF ok=1
Cmd: compileSnippet
  api=4 type=1 insize=4330 outsize=1737 kw=LIGHTMAP_OFF DIRLIGHTMAP_OFF HDR_LIGHT_PREPASS_OFF ok=1
Cmd: compileSnippet
  api=4 type=0 insize=2589 outsize=2087 kw=DIRECTIONAL ok=1
Cmd: compileSnippet
  api=4 type=1 insize=2589 outsize=1680 kw=DIRECTIONAL ok=1
Cmd: preprocess
  insize=741 outsize=1333 ok=1
Cmd: compileSnippet
  error: 2 plat 4 at (35): syntax error: unexpected token 'f'
  api=4 type=0 insize=4529 outsize=0 kw=DIRECTIONAL SHADOWS_OFF LIGHTMAP_OFF DIRLIGHTMAP_OFF ok=0
Cmd: preprocess
  insize=743 outsize=1334 ok=1
Cmd: compileSnippet
  api=4 type=0 insize=4531 outsize=2753 kw=DIRECTIONAL SHADOWS_OFF LIGHTMAP_OFF DIRLIGHTMAP_OFF ok=1
Cmd: compileSnippet
  api=4 type=1 insize=4531 outsize=665 kw=DIRECTIONAL SHADOWS_OFF LIGHTMAP_OFF DIRLIGHTMAP_OFF ok=1
Cmd: compileSnippet
  api=4 type=0 insize=2482 outsize=3021 kw=POINT ok=1
Cmd: compileSnippet
  api=4 type=1 insize=2482 outsize=713 kw=POINT ok=1
Cmd: compileSnippet
  api=4 type=0 insize=1940 outsize=1477 kw= ok=1
Cmd: compileSnippet
  api=4 type=1 insize=1940 outsize=632 kw= ok=1
Cmd: compileSnippet
  api=4 type=0 insize=4223 outsize=3029 kw=LIGHTMAP_OFF DIRLIGHTMAP_OFF HDR_LIGHT_PREPASS_OFF ok=1
Cmd: compileSnippet
  api=4 type=1 insize=4223 outsize=665 kw=LIGHTMAP_OFF DIRLIGHTMAP_OFF HDR_LIGHT_PREPASS_OFF ok=1
Cmd: compileSnippet
  api=4 type=0 insize=2482 outsize=1997 kw=DIRECTIONAL ok=1
Cmd: compileSnippet
  api=4 type=1 insize=2482 outsize=665 kw=DIRECTIONAL ok=1
Cmd: preprocess
  insize=692 outsize=1333 ok=1
Cmd: compileSnippet
  api=4 type=0 insize=4480 outsize=2753 kw=DIRECTIONAL SHADOWS_OFF LIGHTMAP_OFF DIRLIGHTMAP_OFF ok=1
Cmd: compileSnippet
  api=4 type=1 insize=4480 outsize=1445 kw=DIRECTIONAL SHADOWS_OFF LIGHTMAP_OFF DIRLIGHTMAP_OFF ok=1
Cmd: compileSnippet
  api=4 type=0 insize=2431 outsize=3021 kw=POINT ok=1
Cmd: compileSnippet
  api=4 type=1 insize=2431 outsize=1745 kw=POINT ok=1
Cmd: compileSnippet
  api=4 type=0 insize=1889 outsize=1477 kw= ok=1
Cmd: compileSnippet
  api=4 type=1 insize=1889 outsize=632 kw= ok=1
Cmd: compileSnippet
  api=4 type=0 insize=4172 outsize=3029 kw=LIGHTMAP_OFF DIRLIGHTMAP_OFF HDR_LIGHT_PREPASS_OFF ok=1
Cmd: compileSnippet
  api=4 type=1 insize=4172 outsize=1388 kw=LIGHTMAP_OFF DIRLIGHTMAP_OFF HDR_LIGHT_PREPASS_OFF ok=1
Cmd: compileSnippet
  api=4 type=0 insize=2431 outsize=1997 kw=DIRECTIONAL ok=1
Cmd: compileSnippet
  api=4 type=1 insize=2431 outsize=1331 kw=DIRECTIONAL ok=1
Cmd: preprocess
  insize=731 outsize=1333 ok=1
Cmd: compileSnippet
  api=4 type=0 insize=4626 outsize=2842 kw=DIRECTIONAL SHADOWS_OFF LIGHTMAP_OFF DIRLIGHTMAP_OFF ok=1
Cmd: compileSnippet
  api=4 type=1 insize=4626 outsize=1713 kw=DIRECTIONAL SHADOWS_OFF LIGHTMAP_OFF DIRLIGHTMAP_OFF ok=1
Cmd: compileSnippet
  api=4 type=0 insize=2577 outsize=3110 kw=POINT ok=1
Cmd: compileSnippet
  api=4 type=1 insize=2577 outsize=2013 kw=POINT ok=1
Cmd: compileSnippet
  api=4 type=0 insize=1928 outsize=1477 kw= ok=1
Cmd: compileSnippet
  api=4 type=1 insize=1928 outsize=632 kw= ok=1
Cmd: compileSnippet
  api=4 type=0 insize=4318 outsize=3118 kw=LIGHTMAP_OFF DIRLIGHTMAP_OFF HDR_LIGHT_PREPASS_OFF ok=1
Cmd: compileSnippet
  api=4 type=1 insize=4318 outsize=1656 kw=LIGHTMAP_OFF DIRLIGHTMAP_OFF HDR_LIGHT_PREPASS_OFF ok=1
Cmd: compileSnippet
  api=4 type=0 insize=2577 outsize=2087 kw=DIRECTIONAL ok=1
Cmd: compileSnippet
  api=4 type=1 insize=2577 outsize=1599 kw=DIRECTIONAL ok=1
Cmd: preprocess
  insize=678 outsize=1334 ok=1
Cmd: compileSnippet
  api=4 type=0 insize=4371 outsize=2607 kw=DIRECTIONAL SHADOWS_OFF LIGHTMAP_OFF DIRLIGHTMAP_OFF ok=1
Cmd: compileSnippet
  api=4 type=1 insize=4371 outsize=1323 kw=DIRECTIONAL SHADOWS_OFF LIGHTMAP_OFF DIRLIGHTMAP_OFF ok=1
Cmd: compileSnippet
  api=4 type=0 insize=2347 outsize=2875 kw=POINT ok=1
Cmd: compileSnippet
  api=4 type=1 insize=2347 outsize=1623 kw=POINT ok=1
Cmd: compileSnippet
  api=4 type=0 insize=1875 outsize=1477 kw= ok=1
Cmd: compileSnippet
  api=4 type=1 insize=1875 outsize=632 kw= ok=1
Cmd: compileSnippet
  api=4 type=0 insize=4088 outsize=2883 kw=LIGHTMAP_OFF DIRLIGHTMAP_OFF HDR_LIGHT_PREPASS_OFF ok=1
Cmd: compileSnippet
  api=4 type=1 insize=4088 outsize=1233 kw=LIGHTMAP_OFF DIRLIGHTMAP_OFF HDR_LIGHT_PREPASS_OFF ok=1
Cmd: compileSnippet
  api=4 type=0 insize=2347 outsize=1851 kw=DIRECTIONAL ok=1
Cmd: compileSnippet
  api=4 type=1 insize=2347 outsize=1209 kw=DIRECTIONAL ok=1
Cmd: preprocess
  insize=716 outsize=1334 ok=1
Cmd: compileSnippet
  api=4 type=0 insize=4611 outsize=2842 kw=DIRECTIONAL SHADOWS_OFF LIGHTMAP_OFF DIRLIGHTMAP_OFF ok=1
Cmd: compileSnippet
  api=4 type=1 insize=4611 outsize=1575 kw=DIRECTIONAL SHADOWS_OFF LIGHTMAP_OFF DIRLIGHTMAP_OFF ok=1
Cmd: compileSnippet
  api=4 type=0 insize=2562 outsize=3110 kw=POINT ok=1
Cmd: compileSnippet
  api=4 type=1 insize=2562 outsize=1875 kw=POINT ok=1
Cmd: compileSnippet
  api=4 type=0 insize=1913 outsize=1477 kw= ok=1
Cmd: compileSnippet
  api=4 type=1 insize=1913 outsize=632 kw= ok=1
Cmd: compileSnippet
  api=4 type=0 insize=4303 outsize=3118 kw=LIGHTMAP_OFF DIRLIGHTMAP_OFF HDR_LIGHT_PREPASS_OFF ok=1
Cmd: compileSnippet
  api=4 type=1 insize=4303 outsize=1485 kw=LIGHTMAP_OFF DIRLIGHTMAP_OFF HDR_LIGHT_PREPASS_OFF ok=1
Cmd: compileSnippet
  api=4 type=0 insize=2562 outsize=2087 kw=DIRECTIONAL ok=1
Cmd: compileSnippet
  api=4 type=1 insize=2562 outsize=1461 kw=DIRECTIONAL ok=1
Cmd: preprocess
  insize=747 outsize=1333 ok=1
Cmd: compileSnippet
  api=4 type=0 insize=4544 outsize=2696 kw=DIRECTIONAL SHADOWS_OFF LIGHTMAP_OFF DIRLIGHTMAP_OFF ok=1
Cmd: compileSnippet
  api=4 type=1 insize=4544 outsize=1453 kw=DIRECTIONAL SHADOWS_OFF LIGHTMAP_OFF DIRLIGHTMAP_OFF ok=1
Cmd: compileSnippet
  api=4 type=0 insize=2520 outsize=2964 kw=POINT ok=1
Cmd: compileSnippet
  api=4 type=1 insize=2520 outsize=1753 kw=POINT ok=1
Cmd: compileSnippet
  api=4 type=0 insize=1944 outsize=1477 kw= ok=1
Cmd: compileSnippet
  api=4 type=1 insize=1944 outsize=632 kw= ok=1
Cmd: compileSnippet
  api=4 type=0 insize=4261 outsize=2972 kw=LIGHTMAP_OFF DIRLIGHTMAP_OFF HDR_LIGHT_PREPASS_OFF ok=1
Cmd: compileSnippet
  api=4 type=1 insize=4261 outsize=1363 kw=LIGHTMAP_OFF DIRLIGHTMAP_OFF HDR_LIGHT_PREPASS_OFF ok=1
Cmd: compileSnippet
  api=4 type=0 insize=2520 outsize=1940 kw=DIRECTIONAL ok=1
Cmd: compileSnippet
  api=4 type=1 insize=2520 outsize=1339 kw=DIRECTIONAL ok=1
Cmd: preprocess
  insize=727 outsize=1333 ok=1
Cmd: compileSnippet
  api=4 type=0 insize=4518 outsize=2753 kw=DIRECTIONAL SHADOWS_OFF LIGHTMAP_OFF DIRLIGHTMAP_OFF ok=1
Cmd: compileSnippet
  api=4 type=1 insize=4518 outsize=1404 kw=DIRECTIONAL SHADOWS_OFF LIGHTMAP_OFF DIRLIGHTMAP_OFF ok=1
Cmd: compileSnippet
  api=4 type=0 insize=2469 outsize=3021 kw=POINT ok=1
Cmd: compileSnippet
  api=4 type=1 insize=2469 outsize=1705 kw=POINT ok=1
Cmd: compileSnippet
  api=4 type=0 insize=1924 outsize=1477 kw= ok=1
Cmd: compileSnippet
  api=4 type=1 insize=1924 outsize=632 kw= ok=1
Cmd: compileSnippet
  api=4 type=0 insize=4210 outsize=3029 kw=LIGHTMAP_OFF DIRLIGHTMAP_OFF HDR_LIGHT_PREPASS_OFF ok=1
Cmd: compileSnippet
  api=4 type=1 insize=4210 outsize=1315 kw=LIGHTMAP_OFF DIRLIGHTMAP_OFF HDR_LIGHT_PREPASS_OFF ok=1
Cmd: compileSnippet
  api=4 type=0 insize=2469 outsize=1997 kw=DIRECTIONAL ok=1
Cmd: compileSnippet
  api=4 type=1 insize=2469 outsize=1290 kw=DIRECTIONAL ok=1
Cmd: preprocess
  insize=685 outsize=1333 ok=1
Cmd: compileSnippet
  api=4 type=0 insize=4476 outsize=2753 kw=DIRECTIONAL SHADOWS_OFF LIGHTMAP_OFF DIRLIGHTMAP_OFF ok=1
Cmd: compileSnippet
  api=4 type=1 insize=4476 outsize=1380 kw=DIRECTIONAL SHADOWS_OFF LIGHTMAP_OFF DIRLIGHTMAP_OFF ok=1
Cmd: compileSnippet
  api=4 type=0 insize=2427 outsize=3021 kw=POINT ok=1
Cmd: compileSnippet
  api=4 type=1 insize=2427 outsize=1680 kw=POINT ok=1
Cmd: compileSnippet
  api=4 type=0 insize=1882 outsize=1477 kw= ok=1
Cmd: compileSnippet
  api=4 type=1 insize=1882 outsize=632 kw= ok=1
Cmd: compileSnippet
  api=4 type=0 insize=4168 outsize=3029 kw=LIGHTMAP_OFF DIRLIGHTMAP_OFF HDR_LIGHT_PREPASS_OFF ok=1
Cmd: compileSnippet
  api=4 type=1 insize=4168 outsize=1290 kw=LIGHTMAP_OFF DIRLIGHTMAP_OFF HDR_LIGHT_PREPASS_OFF ok=1
Cmd: compileSnippet
  api=4 type=0 insize=2427 outsize=1997 kw=DIRECTIONAL ok=1
Cmd: compileSnippet
  api=4 type=1 insize=2427 outsize=1266 kw=DIRECTIONAL ok=1
Cmd: preprocess
  insize=725 outsize=1334 ok=1
Cmd: preprocess
  insize=732 outsize=1333 ok=1
Cmd: compileSnippet
  api=4 type=0 insize=4627 outsize=2842 kw=DIRECTIONAL SHADOWS_OFF LIGHTMAP_OFF DIRLIGHTMAP_OFF ok=1
Cmd: compileSnippet
  api=4 type=1 insize=4627 outsize=1713 kw=DIRECTIONAL SHADOWS_OFF LIGHTMAP_OFF DIRLIGHTMAP_OFF ok=1
Cmd: compileSnippet
  api=4 type=0 insize=2578 outsize=3110 kw=POINT ok=1
Cmd: compileSnippet
  api=4 type=1 insize=2578 outsize=2013 kw=POINT ok=1
Cmd: compileSnippet
  api=4 type=0 insize=1929 outsize=1477 kw= ok=1
Cmd: compileSnippet
  api=4 type=1 insize=1929 outsize=632 kw= ok=1
Cmd: compileSnippet
  api=4 type=0 insize=4319 outsize=3118 kw=LIGHTMAP_OFF DIRLIGHTMAP_OFF HDR_LIGHT_PREPASS_OFF ok=1
Cmd: compileSnippet
  api=4 type=1 insize=4319 outsize=1656 kw=LIGHTMAP_OFF DIRLIGHTMAP_OFF HDR_LIGHT_PREPASS_OFF ok=1
Cmd: compileSnippet
  api=4 type=0 insize=2578 outsize=2087 kw=DIRECTIONAL ok=1
Cmd: compileSnippet
  api=4 type=1 insize=2578 outsize=1599 kw=DIRECTIONAL ok=1
Cmd: preprocess
  insize=739 outsize=1332 ok=1
Cmd: compileSnippet
  api=4 type=0 insize=4634 outsize=2842 kw=DIRECTIONAL SHADOWS_OFF LIGHTMAP_OFF DIRLIGHTMAP_OFF ok=1
Cmd: compileSnippet
  api=4 type=1 insize=4634 outsize=1753 kw=DIRECTIONAL SHADOWS_OFF LIGHTMAP_OFF DIRLIGHTMAP_OFF ok=1
Cmd: compileSnippet
  api=4 type=0 insize=2585 outsize=3110 kw=POINT ok=1
Cmd: compileSnippet
  api=4 type=1 insize=2585 outsize=2054 kw=POINT ok=1
Cmd: compileSnippet
  api=4 type=0 insize=1936 outsize=1477 kw= ok=1
Cmd: compileSnippet
  api=4 type=1 insize=1936 outsize=632 kw= ok=1
Cmd: compileSnippet
  api=4 type=0 insize=4326 outsize=3118 kw=LIGHTMAP_OFF DIRLIGHTMAP_OFF HDR_LIGHT_PREPASS_OFF ok=1
Cmd: compileSnippet
  api=4 type=1 insize=4326 outsize=1697 kw=LIGHTMAP_OFF DIRLIGHTMAP_OFF HDR_LIGHT_PREPASS_OFF ok=1
Cmd: compileSnippet
  api=4 type=0 insize=2585 outsize=2087 kw=DIRECTIONAL ok=1
Cmd: compileSnippet
  api=4 type=1 insize=2585 outsize=1640 kw=DIRECTIONAL ok=1
Cmd: preprocess
  insize=725 outsize=1334 ok=1
Cmd: preprocess
  insize=714 outsize=1333 ok=1
Cmd: preprocess
  insize=725 outsize=1333 ok=1
Cmd: compileSnippet
  api=4 type=0 insize=4620 outsize=2842 kw=DIRECTIONAL SHADOWS_OFF LIGHTMAP_OFF DIRLIGHTMAP_OFF ok=1
Cmd: compileSnippet
  api=4 type=1 insize=4620 outsize=1632 kw=DIRECTIONAL SHADOWS_OFF LIGHTMAP_OFF DIRLIGHTMAP_OFF ok=1
Cmd: compileSnippet
  api=4 type=0 insize=2571 outsize=3110 kw=POINT ok=1
Cmd: compileSnippet
  api=4 type=1 insize=2571 outsize=1932 kw=POINT ok=1
Cmd: compileSnippet
  api=4 type=0 insize=1922 outsize=1477 kw= ok=1
Cmd: compileSnippet
  api=4 type=1 insize=1922 outsize=632 kw= ok=1
Cmd: compileSnippet
  api=4 type=0 insize=4312 outsize=3118 kw=LIGHTMAP_OFF DIRLIGHTMAP_OFF HDR_LIGHT_PREPASS_OFF ok=1
Cmd: compileSnippet
  api=4 type=1 insize=4312 outsize=1575 kw=LIGHTMAP_OFF DIRLIGHTMAP_OFF HDR_LIGHT_PREPASS_OFF ok=1
Cmd: compileSnippet
  api=4 type=0 insize=2571 outsize=2087 kw=DIRECTIONAL ok=1
Cmd: compileSnippet
  api=4 type=1 insize=2571 outsize=1518 kw=DIRECTIONAL ok=1
Cmd: preprocess
  insize=729 outsize=1333 ok=1
Cmd: compileSnippet
  api=4 type=0 insize=4624 outsize=2842 kw=DIRECTIONAL SHADOWS_OFF LIGHTMAP_OFF DIRLIGHTMAP_OFF ok=1
Cmd: compileSnippet
  api=4 type=1 insize=4624 outsize=1672 kw=DIRECTIONAL SHADOWS_OFF LIGHTMAP_OFF DIRLIGHTMAP_OFF ok=1
Cmd: compileSnippet
  api=4 type=0 insize=2575 outsize=3110 kw=POINT ok=1
Cmd: compileSnippet
  api=4 type=1 insize=2575 outsize=1973 kw=POINT ok=1
Cmd: compileSnippet
  api=4 type=0 insize=1926 outsize=1477 kw= ok=1
Cmd: compileSnippet
  api=4 type=1 insize=1926 outsize=632 kw= ok=1
Cmd: compileSnippet
  api=4 type=0 insize=4316 outsize=3118 kw=LIGHTMAP_OFF DIRLIGHTMAP_OFF HDR_LIGHT_PREPASS_OFF ok=1
Cmd: compileSnippet
  api=4 type=1 insize=4316 outsize=1615 kw=LIGHTMAP_OFF DIRLIGHTMAP_OFF HDR_LIGHT_PREPASS_OFF ok=1
Cmd: compileSnippet
  api=4 type=0 insize=2575 outsize=2087 kw=DIRECTIONAL ok=1
Cmd: compileSnippet
  api=4 type=1 insize=2575 outsize=1558 kw=DIRECTIONAL ok=1
Cmd: preprocess
  insize=730 outsize=1334 ok=1
Cmd: compileSnippet
  api=4 type=0 insize=4625 outsize=2842 kw=DIRECTIONAL SHADOWS_OFF LIGHTMAP_OFF DIRLIGHTMAP_OFF ok=1
Cmd: compileSnippet
  api=4 type=1 insize=4625 outsize=1672 kw=DIRECTIONAL SHADOWS_OFF LIGHTMAP_OFF DIRLIGHTMAP_OFF ok=1
Cmd: compileSnippet
  api=4 type=0 insize=2576 outsize=3110 kw=POINT ok=1
Cmd: compileSnippet
  api=4 type=1 insize=2576 outsize=1973 kw=POINT ok=1
Cmd: compileSnippet
  api=4 type=0 insize=1927 outsize=1477 kw= ok=1
Cmd: compileSnippet
  api=4 type=1 insize=1927 outsize=632 kw= ok=1
Cmd: compileSnippet
  api=4 type=0 insize=4317 outsize=3118 kw=LIGHTMAP_OFF DIRLIGHTMAP_OFF HDR_LIGHT_PREPASS_OFF ok=1
Cmd: compileSnippet
  api=4 type=1 insize=4317 outsize=1615 kw=LIGHTMAP_OFF DIRLIGHTMAP_OFF HDR_LIGHT_PREPASS_OFF ok=1
Cmd: compileSnippet
  api=4 type=0 insize=2576 outsize=2087 kw=DIRECTIONAL ok=1
Cmd: compileSnippet
  api=4 type=1 insize=2576 outsize=1558 kw=DIRECTIONAL ok=1
Cmd: preprocess
  insize=731 outsize=1333 ok=1
Cmd: compileSnippet
  api=4 type=0 insize=4626 outsize=2842 kw=DIRECTIONAL SHADOWS_OFF LIGHTMAP_OFF DIRLIGHTMAP_OFF ok=1
Cmd: compileSnippet
  api=4 type=1 insize=4626 outsize=1672 kw=DIRECTIONAL SHADOWS_OFF LIGHTMAP_OFF DIRLIGHTMAP_OFF ok=1
Cmd: compileSnippet
  api=4 type=0 insize=2577 outsize=3110 kw=POINT ok=1
Cmd: compileSnippet
  api=4 type=1 insize=2577 outsize=1973 kw=POINT ok=1
Cmd: compileSnippet
  api=4 type=0 insize=1928 outsize=1477 kw= ok=1
Cmd: compileSnippet
  api=4 type=1 insize=1928 outsize=632 kw= ok=1
Cmd: compileSnippet
  api=4 type=0 insize=4318 outsize=3118 kw=LIGHTMAP_OFF DIRLIGHTMAP_OFF HDR_LIGHT_PREPASS_OFF ok=1
Cmd: compileSnippet
  api=4 type=1 insize=4318 outsize=1615 kw=LIGHTMAP_OFF DIRLIGHTMAP_OFF HDR_LIGHT_PREPASS_OFF ok=1
Cmd: compileSnippet
  api=4 type=0 insize=2577 outsize=2087 kw=DIRECTIONAL ok=1
Cmd: compileSnippet
  api=4 type=1 insize=2577 outsize=1558 kw=DIRECTIONAL ok=1
Cmd: preprocess
  insize=725 outsize=1334 ok=1
Cmd: compileSnippet
  api=4 type=0 insize=4620 outsize=2842 kw=DIRECTIONAL SHADOWS_OFF LIGHTMAP_OFF DIRLIGHTMAP_OFF ok=1
Cmd: compileSnippet
  api=4 type=1 insize=4620 outsize=1632 kw=DIRECTIONAL SHADOWS_OFF LIGHTMAP_OFF DIRLIGHTMAP_OFF ok=1
Cmd: compileSnippet
  api=4 type=0 insize=2571 outsize=3110 kw=POINT ok=1
Cmd: compileSnippet
  api=4 type=1 insize=2571 outsize=1932 kw=POINT ok=1
Cmd: compileSnippet
  api=4 type=0 insize=1922 outsize=1477 kw= ok=1
Cmd: compileSnippet
  api=4 type=1 insize=1922 outsize=632 kw= ok=1
Cmd: compileSnippet
  api=4 type=0 insize=4312 outsize=3118 kw=LIGHTMAP_OFF DIRLIGHTMAP_OFF HDR_LIGHT_PREPASS_OFF ok=1
Cmd: compileSnippet
  api=4 type=1 insize=4312 outsize=1575 kw=LIGHTMAP_OFF DIRLIGHTMAP_OFF HDR_LIGHT_PREPASS_OFF ok=1
Cmd: compileSnippet
  api=4 type=0 insize=2571 outsize=2087 kw=DIRECTIONAL ok=1
Cmd: compileSnippet
  api=4 type=1 insize=2571 outsize=1518 kw=DIRECTIONAL ok=1
Cmd: preprocess
  insize=731 outsize=1334 ok=1
Cmd: compileSnippet
  api=4 type=0 insize=4626 outsize=2842 kw=DIRECTIONAL SHADOWS_OFF LIGHTMAP_OFF DIRLIGHTMAP_OFF ok=1
Cmd: compileSnippet
  api=4 type=1 insize=4626 outsize=1688 kw=DIRECTIONAL SHADOWS_OFF LIGHTMAP_OFF DIRLIGHTMAP_OFF ok=1
Cmd: compileSnippet
  api=4 type=0 insize=2577 outsize=3110 kw=POINT ok=1
Cmd: compileSnippet
  api=4 type=1 insize=2577 outsize=1989 kw=POINT ok=1
Cmd: compileSnippet
  api=4 type=0 insize=1928 outsize=1477 kw= ok=1
Cmd: compileSnippet
  api=4 type=1 insize=1928 outsize=632 kw= ok=1
Cmd: compileSnippet
  api=4 type=0 insize=4318 outsize=3118 kw=LIGHTMAP_OFF DIRLIGHTMAP_OFF HDR_LIGHT_PREPASS_OFF ok=1
Cmd: compileSnippet
  api=4 type=1 insize=4318 outsize=1632 kw=LIGHTMAP_OFF DIRLIGHTMAP_OFF HDR_LIGHT_PREPASS_OFF ok=1
Cmd: compileSnippet
  api=4 type=0 insize=2577 outsize=2087 kw=DIRECTIONAL ok=1
Cmd: compileSnippet
  api=4 type=1 insize=2577 outsize=1575 kw=DIRECTIONAL ok=1
Cmd: preprocess
  insize=733 outsize=1334 ok=1
Cmd: compileSnippet
  api=4 type=0 insize=4628 outsize=2842 kw=DIRECTIONAL SHADOWS_OFF LIGHTMAP_OFF DIRLIGHTMAP_OFF ok=1
Cmd: compileSnippet
  api=4 type=1 insize=4628 outsize=1713 kw=DIRECTIONAL SHADOWS_OFF LIGHTMAP_OFF DIRLIGHTMAP_OFF ok=1
Cmd: compileSnippet
  api=4 type=0 insize=2579 outsize=3110 kw=POINT ok=1
Cmd: compileSnippet
  api=4 type=1 insize=2579 outsize=2013 kw=POINT ok=1
Cmd: compileSnippet
  api=4 type=0 insize=1930 outsize=1477 kw= ok=1
Cmd: compileSnippet
  api=4 type=1 insize=1930 outsize=632 kw= ok=1
Cmd: compileSnippet
  api=4 type=0 insize=4320 outsize=3118 kw=LIGHTMAP_OFF DIRLIGHTMAP_OFF HDR_LIGHT_PREPASS_OFF ok=1
Cmd: compileSnippet
  api=4 type=1 insize=4320 outsize=1656 kw=LIGHTMAP_OFF DIRLIGHTMAP_OFF HDR_LIGHT_PREPASS_OFF ok=1
Cmd: compileSnippet
  api=4 type=0 insize=2579 outsize=2087 kw=DIRECTIONAL ok=1
Cmd: compileSnippet
  api=4 type=1 insize=2579 outsize=1599 kw=DIRECTIONAL ok=1
Cmd: preprocess
  insize=725 outsize=1334 ok=1
Cmd: preprocess
  insize=731 outsize=1333 ok=1
Cmd: compileSnippet
  api=4 type=0 insize=4626 outsize=2842 kw=DIRECTIONAL SHADOWS_OFF LIGHTMAP_OFF DIRLIGHTMAP_OFF ok=1
Cmd: compileSnippet
  api=4 type=1 insize=4626 outsize=1713 kw=DIRECTIONAL SHADOWS_OFF LIGHTMAP_OFF DIRLIGHTMAP_OFF ok=1
Cmd: compileSnippet
  api=4 type=0 insize=2577 outsize=3110 kw=POINT ok=1
Cmd: compileSnippet
  api=4 type=1 insize=2577 outsize=2013 kw=POINT ok=1
Cmd: compileSnippet
  api=4 type=0 insize=1928 outsize=1477 kw= ok=1
Cmd: compileSnippet
  api=4 type=1 insize=1928 outsize=632 kw= ok=1
Cmd: compileSnippet
  api=4 type=0 insize=4318 outsize=3118 kw=LIGHTMAP_OFF DIRLIGHTMAP_OFF HDR_LIGHT_PREPASS_OFF ok=1
Cmd: compileSnippet
  api=4 type=1 insize=4318 outsize=1656 kw=LIGHTMAP_OFF DIRLIGHTMAP_OFF HDR_LIGHT_PREPASS_OFF ok=1
Cmd: compileSnippet
  api=4 type=0 insize=2577 outsize=2087 kw=DIRECTIONAL ok=1
Cmd: compileSnippet
  api=4 type=1 insize=2577 outsize=1599 kw=DIRECTIONAL ok=1
Cmd: preprocess
  insize=733 outsize=1334 ok=1
Cmd: compileSnippet
  api=4 type=0 insize=4628 outsize=2842 kw=DIRECTIONAL SHADOWS_OFF LIGHTMAP_OFF DIRLIGHTMAP_OFF ok=1
Cmd: compileSnippet
  api=4 type=1 insize=4628 outsize=1713 kw=DIRECTIONAL SHADOWS_OFF LIGHTMAP_OFF DIRLIGHTMAP_OFF ok=1
Cmd: compileSnippet
  api=4 type=0 insize=2579 outsize=3110 kw=POINT ok=1
Cmd: compileSnippet
  api=4 type=1 insize=2579 outsize=2013 kw=POINT ok=1
Cmd: compileSnippet
  api=4 type=0 insize=1930 outsize=1477 kw= ok=1
Cmd: compileSnippet
  api=4 type=1 insize=1930 outsize=632 kw= ok=1
Cmd: compileSnippet
  api=4 type=0 insize=4320 outsize=3118 kw=LIGHTMAP_OFF DIRLIGHTMAP_OFF HDR_LIGHT_PREPASS_OFF ok=1
Cmd: compileSnippet
  api=4 type=1 insize=4320 outsize=1656 kw=LIGHTMAP_OFF DIRLIGHTMAP_OFF HDR_LIGHT_PREPASS_OFF ok=1
Cmd: compileSnippet
  api=4 type=0 insize=2579 outsize=2087 kw=DIRECTIONAL ok=1
Cmd: compileSnippet
  api=4 type=1 insize=2579 outsize=1599 kw=DIRECTIONAL ok=1
Cmd: preprocess
  insize=731 outsize=1334 ok=1
Cmd: compileSnippet
  api=4 type=0 insize=4626 outsize=2842 kw=DIRECTIONAL SHADOWS_OFF LIGHTMAP_OFF DIRLIGHTMAP_OFF ok=1
Cmd: compileSnippet
  api=4 type=1 insize=4626 outsize=1688 kw=DIRECTIONAL SHADOWS_OFF LIGHTMAP_OFF DIRLIGHTMAP_OFF ok=1
Cmd: compileSnippet
  api=4 type=0 insize=2577 outsize=3110 kw=POINT ok=1
Cmd: compileSnippet
  api=4 type=1 insize=2577 outsize=1989 kw=POINT ok=1
Cmd: compileSnippet
  api=4 type=0 insize=1928 outsize=1477 kw= ok=1
Cmd: compileSnippet
  api=4 type=1 insize=1928 outsize=632 kw= ok=1
Cmd: compileSnippet
  api=4 type=0 insize=4318 outsize=3118 kw=LIGHTMAP_OFF DIRLIGHTMAP_OFF HDR_LIGHT_PREPASS_OFF ok=1
Cmd: compileSnippet
  api=4 type=1 insize=4318 outsize=1632 kw=LIGHTMAP_OFF DIRLIGHTMAP_OFF HDR_LIGHT_PREPASS_OFF ok=1
Cmd: compileSnippet
  api=4 type=0 insize=2577 outsize=2087 kw=DIRECTIONAL ok=1
Cmd: compileSnippet
  api=4 type=1 insize=2577 outsize=1575 kw=DIRECTIONAL ok=1
Cmd: preprocess
  insize=731 outsize=1333 ok=1
Cmd: compileSnippet
  api=4 type=0 insize=4626 outsize=2842 kw=DIRECTIONAL SHADOWS_OFF LIGHTMAP_OFF DIRLIGHTMAP_OFF ok=1
Cmd: compileSnippet
  api=4 type=1 insize=4626 outsize=1672 kw=DIRECTIONAL SHADOWS_OFF LIGHTMAP_OFF DIRLIGHTMAP_OFF ok=1
Cmd: compileSnippet
  api=4 type=0 insize=2577 outsize=3110 kw=POINT ok=1
Cmd: compileSnippet
  api=4 type=1 insize=2577 outsize=1973 kw=POINT ok=1
Cmd: compileSnippet
  api=4 type=0 insize=1928 outsize=1477 kw= ok=1
Cmd: compileSnippet
  api=4 type=1 insize=1928 outsize=632 kw= ok=1
Cmd: compileSnippet
  api=4 type=0 insize=4318 outsize=3118 kw=LIGHTMAP_OFF DIRLIGHTMAP_OFF HDR_LIGHT_PREPASS_OFF ok=1
Cmd: compileSnippet
  api=4 type=1 insize=4318 outsize=1615 kw=LIGHTMAP_OFF DIRLIGHTMAP_OFF HDR_LIGHT_PREPASS_OFF ok=1
Cmd: compileSnippet
  api=4 type=0 insize=2577 outsize=2087 kw=DIRECTIONAL ok=1
Cmd: compileSnippet
  api=4 type=1 insize=2577 outsize=1558 kw=DIRECTIONAL ok=1
Cmd: preprocess
  insize=735 outsize=1334 ok=1
Cmd: compileSnippet
  api=4 type=0 insize=4630 outsize=2842 kw=DIRECTIONAL SHADOWS_OFF LIGHTMAP_OFF DIRLIGHTMAP_OFF ok=1
Cmd: compileSnippet
  api=4 type=1 insize=4630 outsize=1753 kw=DIRECTIONAL SHADOWS_OFF LIGHTMAP_OFF DIRLIGHTMAP_OFF ok=1
Cmd: compileSnippet
  api=4 type=0 insize=2581 outsize=3110 kw=POINT ok=1
Cmd: compileSnippet
  api=4 type=1 insize=2581 outsize=2054 kw=POINT ok=1
Cmd: compileSnippet
  api=4 type=0 insize=1932 outsize=1477 kw= ok=1
Cmd: compileSnippet
  api=4 type=1 insize=1932 outsize=632 kw= ok=1
Cmd: compileSnippet
  api=4 type=0 insize=4322 outsize=3118 kw=LIGHTMAP_OFF DIRLIGHTMAP_OFF HDR_LIGHT_PREPASS_OFF ok=1
Cmd: compileSnippet
  api=4 type=1 insize=4322 outsize=1697 kw=LIGHTMAP_OFF DIRLIGHTMAP_OFF HDR_LIGHT_PREPASS_OFF ok=1
Cmd: compileSnippet
  api=4 type=0 insize=2581 outsize=2087 kw=DIRECTIONAL ok=1
Cmd: compileSnippet
  api=4 type=1 insize=2581 outsize=1640 kw=DIRECTIONAL ok=1
Cmd: preprocess
  error: 2 plat 12 at (32): Syntax error
  insize=675 outsize=396 ok=0
Cmd: preprocess
  insize=673 outsize=1276 ok=1
Cmd: compileSnippet
  api=4 type=0 insize=4521 outsize=2753 kw=DIRECTIONAL SHADOWS_OFF LIGHTMAP_OFF DIRLIGHTMAP_OFF ok=1
Cmd: compileSnippet
  api=4 type=1 insize=4521 outsize=1567 kw=DIRECTIONAL SHADOWS_OFF LIGHTMAP_OFF DIRLIGHTMAP_OFF ok=1
Cmd: compileSnippet
  api=4 type=0 insize=2472 outsize=3021 kw=POINT ok=1
Cmd: compileSnippet
  api=4 type=1 insize=2472 outsize=1867 kw=POINT ok=1
Cmd: compileSnippet
  api=4 type=0 insize=1927 outsize=1477 kw= ok=1
Cmd: compileSnippet
  api=4 type=1 insize=1927 outsize=632 kw= ok=1
Cmd: compileSnippet
  api=4 type=0 insize=4213 outsize=3029 kw=LIGHTMAP_OFF DIRLIGHTMAP_OFF HDR_LIGHT_PREPASS_OFF ok=1
Cmd: compileSnippet
  api=4 type=1 insize=4213 outsize=1510 kw=LIGHTMAP_OFF DIRLIGHTMAP_OFF HDR_LIGHT_PREPASS_OFF ok=1
Cmd: compileSnippet
  api=4 type=0 insize=2472 outsize=1997 kw=DIRECTIONAL ok=1
Cmd: compileSnippet
  api=4 type=1 insize=2472 outsize=1453 kw=DIRECTIONAL ok=1
Cmd: preprocess
  insize=675 outsize=1277 ok=1
Cmd: compileSnippet
  api=4 type=0 insize=4523 outsize=2753 kw=DIRECTIONAL SHADOWS_OFF LIGHTMAP_OFF DIRLIGHTMAP_OFF ok=1
Cmd: compileSnippet
  api=4 type=1 insize=4523 outsize=1567 kw=DIRECTIONAL SHADOWS_OFF LIGHTMAP_OFF DIRLIGHTMAP_OFF ok=1
Cmd: compileSnippet
  api=4 type=0 insize=2474 outsize=3021 kw=POINT ok=1
Cmd: compileSnippet
  api=4 type=1 insize=2474 outsize=1867 kw=POINT ok=1
Cmd: compileSnippet
  api=4 type=0 insize=1929 outsize=1477 kw= ok=1
Cmd: compileSnippet
  api=4 type=1 insize=1929 outsize=632 kw= ok=1
Cmd: compileSnippet
  api=4 type=0 insize=4215 outsize=3029 kw=LIGHTMAP_OFF DIRLIGHTMAP_OFF HDR_LIGHT_PREPASS_OFF ok=1
Cmd: compileSnippet
  api=4 type=1 insize=4215 outsize=1510 kw=LIGHTMAP_OFF DIRLIGHTMAP_OFF HDR_LIGHT_PREPASS_OFF ok=1
Cmd: compileSnippet
  api=4 type=0 insize=2474 outsize=1997 kw=DIRECTIONAL ok=1
Cmd: compileSnippet
  api=4 type=1 insize=2474 outsize=1453 kw=DIRECTIONAL ok=1
Cmd: preprocess
  insize=595 outsize=1277 ok=1
Cmd: preprocess
  insize=737 outsize=1334 ok=1
Cmd: compileSnippet
  api=4 type=0 insize=4632 outsize=2842 kw=DIRECTIONAL SHADOWS_OFF LIGHTMAP_OFF DIRLIGHTMAP_OFF ok=1
Cmd: compileSnippet
  api=4 type=1 insize=4632 outsize=1753 kw=DIRECTIONAL SHADOWS_OFF LIGHTMAP_OFF DIRLIGHTMAP_OFF ok=1
Cmd: compileSnippet
  api=4 type=0 insize=2583 outsize=3110 kw=POINT ok=1
Cmd: compileSnippet
  api=4 type=1 insize=2583 outsize=2054 kw=POINT ok=1
Cmd: compileSnippet
  api=4 type=0 insize=1934 outsize=1477 kw= ok=1
Cmd: compileSnippet
  api=4 type=1 insize=1934 outsize=632 kw= ok=1
Cmd: compileSnippet
  api=4 type=0 insize=4324 outsize=3118 kw=LIGHTMAP_OFF DIRLIGHTMAP_OFF HDR_LIGHT_PREPASS_OFF ok=1
Cmd: compileSnippet
  api=4 type=1 insize=4324 outsize=1697 kw=LIGHTMAP_OFF DIRLIGHTMAP_OFF HDR_LIGHT_PREPASS_OFF ok=1
Cmd: compileSnippet
  api=4 type=0 insize=2583 outsize=2087 kw=DIRECTIONAL ok=1
Cmd: compileSnippet
  api=4 type=1 insize=2583 outsize=1640 kw=DIRECTIONAL ok=1
Cmd: preprocess
  insize=739 outsize=1333 ok=1
Cmd: compileSnippet
  api=4 type=0 insize=4634 outsize=2842 kw=DIRECTIONAL SHADOWS_OFF LIGHTMAP_OFF DIRLIGHTMAP_OFF ok=1
Cmd: compileSnippet
  api=4 type=1 insize=4634 outsize=1753 kw=DIRECTIONAL SHADOWS_OFF LIGHTMAP_OFF DIRLIGHTMAP_OFF ok=1
Cmd: compileSnippet
  api=4 type=0 insize=2585 outsize=3110 kw=POINT ok=1
Cmd: compileSnippet
  api=4 type=1 insize=2585 outsize=2054 kw=POINT ok=1
Cmd: compileSnippet
  api=4 type=0 insize=1936 outsize=1477 kw= ok=1
Cmd: compileSnippet
  api=4 type=1 insize=1936 outsize=632 kw= ok=1
Cmd: compileSnippet
  api=4 type=0 insize=4326 outsize=3118 kw=LIGHTMAP_OFF DIRLIGHTMAP_OFF HDR_LIGHT_PREPASS_OFF ok=1
Cmd: compileSnippet
  api=4 type=1 insize=4326 outsize=1697 kw=LIGHTMAP_OFF DIRLIGHTMAP_OFF HDR_LIGHT_PREPASS_OFF ok=1
Cmd: compileSnippet
  api=4 type=0 insize=2585 outsize=2087 kw=DIRECTIONAL ok=1
Cmd: compileSnippet
  api=4 type=1 insize=2585 outsize=1640 kw=DIRECTIONAL ok=1
Cmd: preprocess
  insize=740 outsize=1334 ok=1
Cmd: compileSnippet
  api=4 type=0 insize=4635 outsize=2842 kw=DIRECTIONAL SHADOWS_OFF LIGHTMAP_OFF DIRLIGHTMAP_OFF ok=1
Cmd: compileSnippet
  api=4 type=1 insize=4635 outsize=1753 kw=DIRECTIONAL SHADOWS_OFF LIGHTMAP_OFF DIRLIGHTMAP_OFF ok=1
Cmd: compileSnippet
  api=4 type=0 insize=2586 outsize=3110 kw=POINT ok=1
Cmd: compileSnippet
  api=4 type=1 insize=2586 outsize=2054 kw=POINT ok=1
Cmd: compileSnippet
  api=4 type=0 insize=1937 outsize=1477 kw= ok=1
Cmd: compileSnippet
  api=4 type=1 insize=1937 outsize=632 kw= ok=1
Cmd: compileSnippet
  api=4 type=0 insize=4327 outsize=3118 kw=LIGHTMAP_OFF DIRLIGHTMAP_OFF HDR_LIGHT_PREPASS_OFF ok=1
Cmd: compileSnippet
  api=4 type=1 insize=4327 outsize=1697 kw=LIGHTMAP_OFF DIRLIGHTMAP_OFF HDR_LIGHT_PREPASS_OFF ok=1
Cmd: compileSnippet
  api=4 type=0 insize=2586 outsize=2087 kw=DIRECTIONAL ok=1
Cmd: compileSnippet
  api=4 type=1 insize=2586 outsize=1640 kw=DIRECTIONAL ok=1
Cmd: preprocess
  insize=435 outsize=1181 ok=1
Cmd: preprocess
  insize=435 outsize=1181 ok=1
Cmd: preprocess
  insize=611 outsize=1291 ok=1
Cmd: compileSnippet
  api=4 type=0 insize=4443 outsize=2753 kw=DIRECTIONAL SHADOWS_OFF LIGHTMAP_OFF DIRLIGHTMAP_OFF ok=1
Cmd: compileSnippet
  api=4 type=1 insize=4443 outsize=1445 kw=DIRECTIONAL SHADOWS_OFF LIGHTMAP_OFF DIRLIGHTMAP_OFF ok=1
Cmd: compileSnippet
  api=4 type=0 insize=2394 outsize=3021 kw=POINT ok=1
Cmd: compileSnippet
  api=4 type=1 insize=2394 outsize=1745 kw=POINT ok=1
Cmd: compileSnippet
  api=4 type=0 insize=1849 outsize=1477 kw= ok=1
Cmd: compileSnippet
  api=4 type=1 insize=1849 outsize=632 kw= ok=1
Cmd: compileSnippet
  api=4 type=0 insize=4135 outsize=3029 kw=LIGHTMAP_OFF DIRLIGHTMAP_OFF HDR_LIGHT_PREPASS_OFF ok=1
Cmd: compileSnippet
  api=4 type=1 insize=4135 outsize=1388 kw=LIGHTMAP_OFF DIRLIGHTMAP_OFF HDR_LIGHT_PREPASS_OFF ok=1
Cmd: compileSnippet
  api=4 type=0 insize=2394 outsize=1997 kw=DIRECTIONAL ok=1
Cmd: compileSnippet
  api=4 type=1 insize=2394 outsize=1331 kw=DIRECTIONAL ok=1
Cmd: preprocess
  insize=438 outsize=1184 ok=1
Cmd: preprocess
  insize=655 outsize=1015 ok=1
Cmd: compileSnippet
  api=4 type=0 insize=4471 outsize=2753 kw=DIRECTIONAL LIGHTMAP_OFF DIRLIGHTMAP_OFF ok=1
Cmd: compileSnippet
  api=4 type=1 insize=4471 outsize=1445 kw=DIRECTIONAL LIGHTMAP_OFF DIRLIGHTMAP_OFF ok=1
Cmd: compileSnippet
  api=4 type=0 insize=2404 outsize=3021 kw=POINT ok=1
Cmd: compileSnippet
  api=4 type=1 insize=2404 outsize=1745 kw=POINT ok=1
Cmd: compileSnippet
  api=4 type=0 insize=2404 outsize=1997 kw=DIRECTIONAL ok=1
Cmd: compileSnippet
  api=4 type=1 insize=2404 outsize=1331 kw=DIRECTIONAL ok=1
Cmd: preprocess
  insize=440 outsize=1186 ok=1
Cmd: preprocess
  insize=667 outsize=1027 ok=1
Cmd: compileSnippet
  api=4 type=0 insize=4471 outsize=2753 kw=DIRECTIONAL LIGHTMAP_OFF DIRLIGHTMAP_OFF ok=1
Cmd: compileSnippet
  api=4 type=1 insize=4471 outsize=1445 kw=DIRECTIONAL LIGHTMAP_OFF DIRLIGHTMAP_OFF ok=1
Cmd: compileSnippet
  api=4 type=0 insize=2404 outsize=3021 kw=POINT ok=1
Cmd: compileSnippet
  api=4 type=1 insize=2404 outsize=1745 kw=POINT ok=1
Cmd: preprocess
  insize=671 outsize=1031 ok=1
Cmd: compileSnippet
  api=4 type=0 insize=2404 outsize=1997 kw=DIRECTIONAL ok=1
Cmd: compileSnippet
  api=4 type=1 insize=2404 outsize=1331 kw=DIRECTIONAL ok=1
Cmd: preprocess
  insize=682 outsize=1041 ok=1
Cmd: compileSnippet
  api=4 type=0 insize=4471 outsize=2753 kw=DIRECTIONAL LIGHTMAP_OFF DIRLIGHTMAP_OFF ok=1
Cmd: compileSnippet
  api=4 type=1 insize=4471 outsize=1445 kw=DIRECTIONAL LIGHTMAP_OFF DIRLIGHTMAP_OFF ok=1
Cmd: compileSnippet
  api=4 type=0 insize=2404 outsize=3021 kw=POINT ok=1
Cmd: compileSnippet
  api=4 type=1 insize=2404 outsize=1745 kw=POINT ok=1
Cmd: compileSnippet
  api=4 type=0 insize=2404 outsize=1997 kw=DIRECTIONAL ok=1
Cmd: compileSnippet
  api=4 type=1 insize=2404 outsize=1331 kw=DIRECTIONAL ok=1
Cmd: preprocess
  insize=671 outsize=1031 ok=1
Cmd: preprocess
  insize=690 outsize=1049 ok=1
Cmd: preprocess
  insize=701 outsize=1060 ok=1
Cmd: preprocess
  insize=671 outsize=1031 ok=1
